This is pdfTeX, Version 3.14159265-2.6-1.40.16 (MiKTeX 2.9) (preloaded format=pdflatex 2016.2.25)  25 FEB 2016 19:16
entering extended mode
**E:/srj-svn/SRJ-SP2016/srj-methodology.tex
(E:/srj-svn/SRJ-SP2016/srj-methodology.tex
LaTeX2e <2015/10/01> patch level 2
Babel <3.9n> and hyphenation patterns for 69 languages loaded.
! Undefined control sequence.
l.3 \section
            {\textsc{BinGo} Framework}\label{sec:methodology}
? error
 
Here is how much of TeX's memory you used:
 7 strings out of 493634
 193 string characters out of 3141314
 52604 words of memory out of 3000000
 3491 multiletter control sequences out of 15000+200000
 3640 words of font info for 14 fonts, out of 3000000 for 9000
 1025 hyphenation exceptions out of 8191
 5i,0n,1p,108b,8s stack positions out of 5000i,500n,10000p,200000b,50000s
No pages of output.
PDF statistics:
 0 PDF objects out of 1000 (max. 8388607)
 0 named destinations out of 1000 (max. 500000)
 1 words of extra memory for PDF output out of 10000 (max. 10000000)

