\BOOKMARK [1][-]{section.1}{\376\377\000\111\000\156\000\164\000\162\000\157\000\144\000\165\000\143\000\164\000\151\000\157\000\156}{}% 1
\BOOKMARK [1][-]{section.2}{\376\377\000\115\000\157\000\164\000\151\000\166\000\141\000\164\000\151\000\157\000\156}{}% 2
\BOOKMARK [2][-]{subsection.2.1}{\376\377\000\115\000\157\000\164\000\151\000\166\000\141\000\164\000\151\000\156\000\147\000\040\000\105\000\170\000\141\000\155\000\160\000\154\000\145}{section.2}% 3
\BOOKMARK [2][-]{subsection.2.2}{\376\377\000\103\000\150\000\141\000\154\000\154\000\145\000\156\000\147\000\145\000\163\000\040\000\146\000\157\000\162\000\040\000\123\000\171\000\156\000\164\000\141\000\143\000\164\000\151\000\143\000\040\000\101\000\160\000\160\000\162\000\157\000\141\000\143\000\150\000\145\000\163}{section.2}% 4
\BOOKMARK [2][-]{subsection.2.3}{\376\377\000\103\000\150\000\141\000\154\000\154\000\145\000\156\000\147\000\145\000\163\000\040\000\146\000\157\000\162\000\040\000\123\000\145\000\155\000\141\000\156\000\164\000\151\000\143\000\163\000\055\000\142\000\141\000\163\000\145\000\144\000\040\000\115\000\141\000\164\000\143\000\150\000\151\000\156\000\147}{section.2}% 5
\BOOKMARK [1][-]{section.3}{\376\377\000\123\000\171\000\163\000\164\000\145\000\155\000\040\000\117\000\166\000\145\000\162\000\166\000\151\000\145\000\167\000\040\000\157\000\146\000\040\000\102\000\151\000\156\000\107\000\157\000\055\000\105}{}% 6
\BOOKMARK [2][-]{subsection.3.1}{\376\377\000\124\000\150\000\145\000\040\000\123\000\153\000\145\000\164\000\143\000\150\000\040\000\157\000\146\000\040\000\127\000\157\000\162\000\153\000\040\000\106\000\154\000\157\000\167}{section.3}% 7
\BOOKMARK [2][-]{subsection.3.2}{\376\377\000\123\000\157\000\154\000\165\000\164\000\151\000\157\000\156\000\163\000\040\000\164\000\157\000\040\000\164\000\150\000\145\000\040\000\115\000\141\000\164\000\143\000\150\000\151\000\156\000\147\000\040\000\103\000\150\000\141\000\154\000\154\000\145\000\156\000\147\000\145\000\163}{section.3}% 8
\BOOKMARK [1][-]{section.4}{\376\377\000\102\000\151\000\156\000\141\000\162\000\171\000\040\000\103\000\157\000\144\000\145\000\040\000\115\000\141\000\164\000\143\000\150\000\151\000\156\000\147\000\040\000\106\000\145\000\141\000\164\000\165\000\162\000\145\000\163}{}% 9
\BOOKMARK [2][-]{subsection.4.1}{\376\377\000\123\000\164\000\162\000\165\000\143\000\164\000\165\000\162\000\141\000\154\000\040\000\106\000\145\000\141\000\164\000\165\000\162\000\145\000\163}{section.4}% 10
\BOOKMARK [2][-]{subsection.4.2}{\376\377\000\110\000\151\000\147\000\150\000\055\000\154\000\145\000\166\000\145\000\154\000\040\000\123\000\145\000\155\000\141\000\156\000\164\000\151\000\143\000\040\000\106\000\145\000\141\000\164\000\165\000\162\000\145\000\163}{section.4}% 11
\BOOKMARK [2][-]{subsection.4.3}{\376\377\000\114\000\157\000\167\000\055\000\154\000\145\000\166\000\145\000\154\000\040\000\123\000\145\000\155\000\141\000\156\000\164\000\151\000\143\000\040\000\106\000\145\000\141\000\164\000\165\000\162\000\145\000\163}{section.4}% 12
\BOOKMARK [3][-]{subsubsection.4.3.1}{\376\377\000\106\000\145\000\141\000\164\000\165\000\162\000\145\000\163\000\040\000\125\000\163\000\145\000\144\000\040\000\151\000\156\000\040\000\102\000\151\000\156\000\107\000\157}{subsection.4.3}% 13
\BOOKMARK [3][-]{subsubsection.4.3.2}{\376\377\000\106\000\145\000\141\000\164\000\165\000\162\000\145\000\163\000\040\000\116\000\145\000\167\000\154\000\171\000\040\000\101\000\144\000\144\000\145\000\144\000\040\000\151\000\156\000\040\000\102\000\151\000\156\000\107\000\157\000\055\000\105}{subsection.4.3}% 14
\BOOKMARK [3][-]{subsubsection.4.3.3}{\376\377\000\105\000\155\000\165\000\154\000\141\000\164\000\151\000\157\000\156}{subsection.4.3}% 15
\BOOKMARK [1][-]{section.5}{\376\377\000\101\000\143\000\143\000\165\000\162\000\141\000\164\000\145\000\072\000\040\000\123\000\145\000\154\000\145\000\143\000\164\000\151\000\166\000\145\000\040\000\111\000\156\000\154\000\151\000\156\000\151\000\156\000\147}{}% 16
\BOOKMARK [2][-]{subsection.5.1}{\376\377\000\106\000\165\000\156\000\143\000\164\000\151\000\157\000\156\000\040\000\111\000\156\000\166\000\157\000\143\000\141\000\164\000\151\000\157\000\156\000\040\000\120\000\141\000\164\000\164\000\145\000\162\000\156\000\163}{section.5}% 17
\BOOKMARK [2][-]{subsection.5.2}{\376\377\000\111\000\156\000\154\000\151\000\156\000\145\000\040\000\104\000\145\000\143\000\151\000\163\000\151\000\157\000\156\000\040\000\101\000\154\000\147\000\157\000\162\000\151\000\164\000\150\000\155}{section.5}% 18
\BOOKMARK [1][-]{section.6}{\376\377\000\123\000\143\000\141\000\154\000\141\000\142\000\154\000\145\000\040\000\106\000\165\000\156\000\143\000\164\000\151\000\157\000\156\000\040\000\115\000\141\000\164\000\143\000\150\000\151\000\156\000\147}{}% 19
\BOOKMARK [2][-]{subsection.6.1}{\376\377\000\120\000\162\000\151\000\155\000\141\000\162\000\171\000\040\000\115\000\141\000\164\000\143\000\150\000\151\000\156\000\147}{section.6}% 20
\BOOKMARK [2][-]{subsection.6.2}{\376\377\000\114\000\157\000\167\000\055\000\154\000\145\000\166\000\145\000\154\000\040\000\123\000\145\000\155\000\141\000\156\000\164\000\151\000\143\000\040\000\106\000\145\000\141\000\164\000\165\000\162\000\145\000\163\000\040\000\115\000\141\000\164\000\143\000\150\000\151\000\156\000\147}{section.6}% 21
\BOOKMARK [3][-]{subsubsection.6.2.1}{\376\377\000\113\000\055\000\154\000\145\000\156\000\147\000\164\000\150\000\040\000\120\000\141\000\162\000\164\000\151\000\141\000\154\000\040\000\124\000\162\000\141\000\143\000\145\000\040\000\105\000\170\000\164\000\162\000\141\000\143\000\164\000\151\000\157\000\156}{subsection.6.2}% 22
\BOOKMARK [3][-]{subsubsection.6.2.2}{\376\377\000\106\000\165\000\156\000\143\000\164\000\151\000\157\000\156\000\040\000\115\000\157\000\144\000\145\000\154\000\040\000\107\000\145\000\156\000\145\000\162\000\141\000\164\000\151\000\157\000\156}{subsection.6.2}% 23
\BOOKMARK [2][-]{subsection.6.3}{\376\377\000\106\000\151\000\156\000\141\000\154\000\040\000\115\000\141\000\164\000\143\000\150\000\151\000\156\000\147}{section.6}% 24
\BOOKMARK [1][-]{section.7}{\376\377\000\105\000\170\000\160\000\145\000\162\000\151\000\155\000\145\000\156\000\164\000\141\000\154\000\040\000\122\000\145\000\163\000\165\000\154\000\164\000\163}{}% 25
\BOOKMARK [2][-]{subsection.7.1}{\376\377\000\122\000\145\000\163\000\145\000\141\000\162\000\143\000\150\000\040\000\121\000\165\000\145\000\163\000\164\000\151\000\157\000\156}{section.7}% 26
\BOOKMARK [2][-]{subsection.7.2}{\376\377\000\101\000\156\000\163\000\167\000\145\000\162\000\040\000\164\000\157\000\040\000\122\000\121\000\061\000\072\000\040\000\122\000\157\000\142\000\165\000\163\000\164\000\156\000\145\000\163\000\163\000\040\000\151\000\156\000\040\000\103\000\162\000\157\000\163\000\163\000\055\000\141\000\162\000\143\000\150\000\151\000\164\000\145\000\143\000\164\000\165\000\162\000\145\000\040\000\115\000\141\000\164\000\143\000\150\000\151\000\156\000\147}{section.7}% 27
\BOOKMARK [3][-]{subsubsection.7.2.1}{\376\377\000\102\000\151\000\156\000\107\000\157\000\047\000\163\000\040\000\101\000\156\000\163\000\167\000\145\000\162\000\040\000\164\000\157\000\040\000\122\000\121\000\061}{subsection.7.2}% 28
\BOOKMARK [3][-]{subsubsection.7.2.2}{\376\377\000\102\000\151\000\156\000\107\000\157\000\055\000\105\000\047\000\163\000\040\000\101\000\156\000\163\000\167\000\145\000\162\000\040\000\164\000\157\000\040\000\122\000\121\000\061}{subsection.7.2}% 29
\BOOKMARK [2][-]{subsection.7.3}{\376\377\000\101\000\156\000\163\000\167\000\145\000\162\000\040\000\164\000\157\000\040\000\122\000\121\000\062\000\072\000\040\000\122\000\157\000\142\000\165\000\163\000\164\000\156\000\145\000\163\000\163\000\040\000\151\000\156\000\040\000\103\000\162\000\157\000\163\000\163\000\055\000\143\000\157\000\155\000\160\000\151\000\154\000\145\000\162\000\040\000\115\000\141\000\164\000\143\000\150\000\151\000\156\000\147}{section.7}% 30
\BOOKMARK [3][-]{subsubsection.7.3.1}{\376\377\000\102\000\151\000\156\000\107\000\157\000\047\000\163\000\040\000\101\000\156\000\163\000\167\000\145\000\162\000\040\000\164\000\157\000\040\000\122\000\121\000\062}{subsection.7.3}% 31
\BOOKMARK [3][-]{subsubsection.7.3.2}{\376\377\000\102\000\151\000\156\000\107\000\157\000\055\000\105\000\047\000\163\000\040\000\141\000\156\000\163\000\167\000\145\000\162\000\040\000\164\000\157\000\040\000\122\000\121\000\062}{subsection.7.3}% 32
\BOOKMARK [2][-]{subsection.7.4}{\376\377\000\101\000\156\000\163\000\167\000\145\000\162\000\040\000\164\000\157\000\040\000\122\000\121\000\063\000\072\000\040\000\122\000\157\000\142\000\165\000\163\000\164\000\156\000\145\000\163\000\163\000\040\000\151\000\156\000\040\000\103\000\162\000\157\000\163\000\163\000\055\000\160\000\154\000\141\000\164\000\146\000\157\000\162\000\155\000\040\000\050\000\117\000\123\000\051\000\040\000\115\000\141\000\164\000\143\000\150\000\151\000\156\000\147}{section.7}% 33
\BOOKMARK [3][-]{subsubsection.7.4.1}{\376\377\000\102\000\151\000\156\000\107\000\157\000\047\000\163\000\040\000\101\000\156\000\163\000\167\000\145\000\162\000\040\000\164\000\157\000\040\000\122\000\121\000\063}{subsection.7.4}% 34
\BOOKMARK [3][-]{subsubsection.7.4.2}{\376\377\000\102\000\151\000\156\000\107\000\157\000\055\000\105\000\047\000\163\000\040\000\101\000\156\000\163\000\167\000\145\000\162\000\040\000\164\000\157\000\040\000\122\000\121\000\063}{subsection.7.4}% 35
\BOOKMARK [2][-]{subsection.7.5}{\376\377\000\101\000\156\000\163\000\167\000\145\000\162\000\040\000\164\000\157\000\040\000\122\000\121\000\064\000\072\000\040\000\101\000\160\000\160\000\154\000\151\000\143\000\141\000\164\000\151\000\157\000\156\000\163}{section.7}% 36
\BOOKMARK [3][-]{subsubsection.7.5.1}{\376\377\000\102\000\151\000\156\000\107\000\157\000\047\000\163\000\040\000\101\000\156\000\163\000\167\000\145\000\162\000\040\000\164\000\157\000\040\000\122\000\121\000\064\000\072\000\040\000\126\000\165\000\154\000\156\000\145\000\162\000\141\000\142\000\151\000\154\000\151\000\164\000\171\000\040\000\104\000\145\000\164\000\145\000\143\000\164\000\151\000\157\000\156\000\040\000\166\000\151\000\141\000\040\000\115\000\141\000\164\000\143\000\150\000\151\000\156\000\147\000\040\000\117\000\160\000\145\000\156\000\055\000\163\000\157\000\165\000\162\000\143\000\145\000\040\000\123\000\157\000\146\000\164\000\167\000\141\000\162\000\145\000\040\000\102\000\165\000\147\000\040\000\164\000\157\000\040\000\103\000\157\000\155\000\155\000\145\000\162\000\143\000\151\000\141\000\154\000\040\000\123\000\157\000\146\000\164\000\167\000\141\000\162\000\145}{subsection.7.5}% 37
\BOOKMARK [3][-]{subsubsection.7.5.2}{\376\377\000\102\000\151\000\156\000\107\000\157\000\055\000\105\000\047\000\163\000\040\000\101\000\156\000\163\000\167\000\145\000\162\000\040\000\164\000\157\000\040\000\122\000\121\000\064\000\072\000\040\000\116\000\145\000\167\000\040\000\101\000\160\000\160\000\154\000\151\000\143\000\141\000\164\000\151\000\157\000\156\000\040\000\157\000\146\000\040\000\115\000\141\000\164\000\143\000\150\000\151\000\156\000\147\000\040\000\102\000\151\000\156\000\141\000\162\000\151\000\145\000\163\000\040\000\157\000\146\000\040\000\106\000\157\000\162\000\153\000\145\000\144\000\040\000\120\000\162\000\157\000\152\000\145\000\143\000\164\000\163}{subsection.7.5}% 38
\BOOKMARK [2][-]{subsection.7.6}{\376\377\000\101\000\156\000\163\000\167\000\145\000\162\000\040\000\164\000\157\000\040\000\122\000\121\000\065\000\072\000\040\000\123\000\143\000\141\000\154\000\141\000\142\000\151\000\154\000\151\000\164\000\171}{section.7}% 39
\BOOKMARK [3][-]{subsubsection.7.6.1}{\376\377\000\102\000\151\000\156\000\107\000\157\000\047\000\163\000\040\000\101\000\156\000\163\000\167\000\145\000\162\000\040\000\164\000\157\000\040\000\122\000\121\000\065}{subsection.7.6}% 40
\BOOKMARK [3][-]{subsubsection.7.6.2}{\376\377\000\102\000\151\000\156\000\107\000\157\000\055\000\105\000\047\000\163\000\040\000\101\000\156\000\163\000\167\000\145\000\162\000\040\000\164\000\157\000\040\000\122\000\121\000\065\000\072\000\040\000\102\000\145\000\164\000\164\000\145\000\162\000\040\000\123\000\143\000\141\000\154\000\141\000\142\000\151\000\154\000\151\000\164\000\171}{subsection.7.6}% 41
\BOOKMARK [2][-]{subsection.7.7}{\376\377\000\104\000\151\000\163\000\143\000\165\000\163\000\163\000\151\000\157\000\156}{section.7}% 42
\BOOKMARK [3][-]{subsubsection.7.7.1}{\376\377\000\124\000\150\000\162\000\145\000\141\000\164\000\163\000\040\000\164\000\157\000\040\000\126\000\141\000\154\000\151\000\144\000\151\000\164\000\171}{subsection.7.7}% 43
\BOOKMARK [3][-]{subsubsection.7.7.2}{\376\377\000\124\000\150\000\145\000\040\000\106\000\157\000\143\000\165\000\163\000\040\000\157\000\146\000\040\000\117\000\165\000\162\000\040\000\123\000\164\000\165\000\144\000\171\000\056}{subsection.7.7}% 44
\BOOKMARK [1][-]{section.8}{\376\377\000\122\000\145\000\154\000\141\000\164\000\145\000\144\000\040\000\127\000\157\000\162\000\153}{}% 45
\BOOKMARK [2][-]{subsection.8.1}{\376\377\000\103\000\157\000\144\000\145\000\040\000\123\000\145\000\141\000\162\000\143\000\150\000\040\000\125\000\163\000\151\000\156\000\147\000\040\000\114\000\157\000\167\000\055\000\154\000\145\000\166\000\145\000\154\000\040\000\120\000\162\000\157\000\147\000\162\000\141\000\155\000\040\000\123\000\145\000\155\000\141\000\156\000\164\000\151\000\143\000\163}{section.8}% 46
\BOOKMARK [2][-]{subsection.8.2}{\376\377\000\103\000\157\000\144\000\145\000\040\000\123\000\145\000\141\000\162\000\143\000\150\000\040\000\125\000\163\000\151\000\156\000\147\000\040\000\110\000\151\000\147\000\150\000\055\000\154\000\145\000\166\000\145\000\154\000\040\000\120\000\162\000\157\000\147\000\162\000\141\000\155\000\040\000\123\000\145\000\155\000\141\000\156\000\164\000\151\000\143\000\163}{section.8}% 47
\BOOKMARK [2][-]{subsection.8.3}{\376\377\000\103\000\157\000\144\000\145\000\040\000\123\000\145\000\141\000\162\000\143\000\150\000\040\000\125\000\163\000\151\000\156\000\147\000\040\000\123\000\164\000\162\000\165\000\143\000\164\000\165\000\162\000\141\000\154\000\040\000\111\000\156\000\146\000\157\000\162\000\155\000\141\000\164\000\151\000\157\000\156}{section.8}% 48
\BOOKMARK [2][-]{subsection.8.4}{\376\377\000\123\000\145\000\143\000\165\000\162\000\151\000\164\000\171\000\040\000\101\000\160\000\160\000\154\000\151\000\143\000\141\000\164\000\151\000\157\000\156\000\040\000\157\000\146\000\040\000\102\000\151\000\156\000\141\000\162\000\171\000\040\000\103\000\157\000\144\000\145\000\040\000\123\000\145\000\141\000\162\000\143\000\150}{section.8}% 49
\BOOKMARK [1][-]{section.9}{\376\377\000\103\000\157\000\156\000\143\000\154\000\165\000\163\000\151\000\157\000\156}{}% 50
\BOOKMARK [1][-]{section.10}{\376\377\000\101\000\143\000\153\000\156\000\157\000\167\000\154\000\145\000\144\000\147\000\145\000\155\000\145\000\156\000\164\000\163}{}% 51
\BOOKMARK [1][-]{section*.24}{\376\377\000\122\000\145\000\146\000\145\000\162\000\145\000\156\000\143\000\145\000\163}{}% 52
