This is pdfTeX, Version 3.1415926-2.3-1.40.12 (MiKTeX 2.9) (preloaded format=pdflatex 2015.1.19)  2 OCT 2017 03:03
entering extended mode
**C:/Users/yinxing/Desktop/TSE-BINGO/TSE-2016/TSE_Bingo.tex
(C:/Users/yinxing/Desktop/TSE-BINGO/TSE-2016/TSE_Bingo.tex
LaTeX2e <2011/06/27>
Babel <v3.8m> and hyphenation patterns for loaded.
(C:\Users\yinxing\Desktop\TSE-BINGO\TSE-2016\IEEEtran.cls
Document Class: IEEEtran 2015/08/26 V1.8b by Michael Shell
-- See the "IEEEtran_HOWTO" manual for usage information.
-- http://www.michaelshell.org/tex/ieeetran/
\@IEEEtrantmpdimenA=\dimen102
\@IEEEtrantmpdimenB=\dimen103
\@IEEEtrantmpdimenC=\dimen104
\@IEEEtrantmpcountA=\count79
\@IEEEtrantmpcountB=\count80
\@IEEEtrantmpcountC=\count81
\@IEEEtrantmptoksA=\toks14
LaTeX Font Info:    Try loading font information for OT1+ppl on input line 503.

(D:\CTEX\MiKTeX\tex\latex\psnfss\ot1ppl.fd
File: ot1ppl.fd 2001/06/04 font definitions for OT1/ppl.
)
-- Using IEEE Computer Society mode.
-- Using 8.5in x 11in (letter) paper.
-- Using PDF output.
\@IEEEnormalsizeunitybaselineskip=\dimen105
-- This is a 10 point document.
\CLASSINFOnormalsizebaselineskip=\dimen106
\CLASSINFOnormalsizeunitybaselineskip=\dimen107
\IEEEnormaljot=\dimen108
LaTeX Font Info:    Font shape `OT1/ppl/bx/n' in size <5.01874> not available
(Font)              Font shape `OT1/ppl/b/n' tried instead on input line 1090.
LaTeX Font Info:    Font shape `OT1/ppl/bx/it' in size <5.01874> not available
(Font)              Font shape `OT1/ppl/b/it' tried instead on input line 1090.

LaTeX Font Info:    Font shape `OT1/ppl/bx/n' in size <7.02625> not available
(Font)              Font shape `OT1/ppl/b/n' tried instead on input line 1090.
LaTeX Font Info:    Font shape `OT1/ppl/bx/it' in size <7.02625> not available
(Font)              Font shape `OT1/ppl/b/it' tried instead on input line 1090.

LaTeX Font Info:    Font shape `OT1/ppl/bx/n' in size <8.03> not available
(Font)              Font shape `OT1/ppl/b/n' tried instead on input line 1090.
LaTeX Font Info:    Font shape `OT1/ppl/bx/it' in size <8.03> not available
(Font)              Font shape `OT1/ppl/b/it' tried instead on input line 1090.

LaTeX Font Info:    Font shape `OT1/ppl/bx/n' in size <9.03374> not available
(Font)              Font shape `OT1/ppl/b/n' tried instead on input line 1090.
LaTeX Font Info:    Font shape `OT1/ppl/bx/it' in size <9.03374> not available
(Font)              Font shape `OT1/ppl/b/it' tried instead on input line 1090.

LaTeX Font Info:    Font shape `OT1/ppl/bx/n' in size <9.53561> not available
(Font)              Font shape `OT1/ppl/b/n' tried instead on input line 1090.
LaTeX Font Info:    Font shape `OT1/ppl/bx/it' in size <9.53561> not available
(Font)              Font shape `OT1/ppl/b/it' tried instead on input line 1090.

LaTeX Font Info:    Font shape `OT1/ppl/bx/n' in size <11.04124> not available
(Font)              Font shape `OT1/ppl/b/n' tried instead on input line 1090.
LaTeX Font Info:    Font shape `OT1/ppl/bx/it' in size <11.04124> not available

(Font)              Font shape `OT1/ppl/b/it' tried instead on input line 1090.

LaTeX Font Info:    Font shape `OT1/ppl/bx/n' in size <12.045> not available
(Font)              Font shape `OT1/ppl/b/n' tried instead on input line 1090.
LaTeX Font Info:    Font shape `OT1/ppl/bx/it' in size <12.045> not available
(Font)              Font shape `OT1/ppl/b/it' tried instead on input line 1090.

LaTeX Font Info:    Font shape `OT1/ppl/bx/n' in size <17.06374> not available
(Font)              Font shape `OT1/ppl/b/n' tried instead on input line 1090.
LaTeX Font Info:    Font shape `OT1/ppl/bx/it' in size <17.06374> not available

(Font)              Font shape `OT1/ppl/b/it' tried instead on input line 1090.

LaTeX Font Info:    Font shape `OT1/ppl/bx/n' in size <20.075> not available
(Font)              Font shape `OT1/ppl/b/n' tried instead on input line 1090.
LaTeX Font Info:    Font shape `OT1/ppl/bx/it' in size <20.075> not available
(Font)              Font shape `OT1/ppl/b/it' tried instead on input line 1090.

LaTeX Font Info:    Font shape `OT1/ppl/bx/n' in size <24.09> not available
(Font)              Font shape `OT1/ppl/b/n' tried instead on input line 1090.
LaTeX Font Info:    Font shape `OT1/ppl/bx/it' in size <24.09> not available
(Font)              Font shape `OT1/ppl/b/it' tried instead on input line 1090.

\IEEEquantizedlength=\dimen109
\IEEEquantizedlengthdiff=\dimen110
\IEEEquantizedtextheightdiff=\dimen111
\IEEEilabelindentA=\dimen112
\IEEEilabelindentB=\dimen113
\IEEEilabelindent=\dimen114
\IEEEelabelindent=\dimen115
\IEEEdlabelindent=\dimen116
\IEEElabelindent=\dimen117
\IEEEiednormlabelsep=\dimen118
\IEEEiedmathlabelsep=\dimen119
\IEEEiedtopsep=\skip41
\c@section=\count82
\c@subsection=\count83
\c@subsubsection=\count84
\c@paragraph=\count85
\c@IEEEsubequation=\count86
\abovecaptionskip=\skip42
\belowcaptionskip=\skip43
\c@figure=\count87
\c@table=\count88
\@IEEEeqnnumcols=\count89
\@IEEEeqncolcnt=\count90
\@IEEEsubeqnnumrollback=\count91
\@IEEEquantizeheightA=\dimen120
\@IEEEquantizeheightB=\dimen121
\@IEEEquantizeheightC=\dimen122
\@IEEEquantizeprevdepth=\dimen123
\@IEEEquantizemultiple=\count92
\@IEEEquantizeboxA=\box26
\@IEEEtmpitemindent=\dimen124
\IEEEPARstartletwidth=\dimen125
\c@IEEEbiography=\count93
\@IEEEtranrubishbin=\box27
) (D:\CTEX\UserData\tex\latex\booktabs\booktabs.sty
Package: booktabs 2005/04/14 v1.61803 publication quality tables
\heavyrulewidth=\dimen126
\lightrulewidth=\dimen127
\cmidrulewidth=\dimen128
\belowrulesep=\dimen129
\belowbottomsep=\dimen130
\aboverulesep=\dimen131
\abovetopsep=\dimen132
\cmidrulesep=\dimen133
\cmidrulekern=\dimen134
\defaultaddspace=\dimen135
\@cmidla=\count94
\@cmidlb=\count95
\@aboverulesep=\dimen136
\@belowrulesep=\dimen137
\@thisruleclass=\count96
\@lastruleclass=\count97
\@thisrulewidth=\dimen138
)
(D:\CTEX\UserData\tex\latex\xcolor\xcolor.sty
Package: xcolor 2007/01/21 v2.11 LaTeX color extensions (UK)

(D:\CTEX\MiKTeX\tex\latex\00miktex\color.cfg
File: color.cfg 2007/01/18 v1.5 color configuration of teTeX/TeXLive
)
Package xcolor Info: Driver file: pdftex.def on input line 225.

(D:\CTEX\MiKTeX\tex\latex\pdftex-def\pdftex.def
File: pdftex.def 2011/05/27 v0.06d Graphics/color for pdfTeX

(D:\CTEX\MiKTeX\tex\generic\oberdiek\infwarerr.sty
Package: infwarerr 2010/04/08 v1.3 Providing info/warning/message (HO)
)
(D:\CTEX\MiKTeX\tex\generic\oberdiek\ltxcmds.sty
Package: ltxcmds 2011/04/18 v1.20 LaTeX kernel commands for general use (HO)
)
\Gread@gobject=\count98
)
(D:\CTEX\UserData\tex\latex\colortbl\colortbl.sty
Package: colortbl 2012/02/13 v1.0a Color table columns (DPC)

(D:\CTEX\MiKTeX\tex\latex\tools\array.sty
Package: array 2008/09/09 v2.4c Tabular extension package (FMi)
\col@sep=\dimen139
\extrarowheight=\dimen140
\NC@list=\toks15
\extratabsurround=\skip44
\backup@length=\skip45
)
\everycr=\toks16
\minrowclearance=\skip46
)
\rownum=\count99
Package xcolor Info: Model `cmy' substituted by `cmy0' on input line 1337.
Package xcolor Info: Model `hsb' substituted by `rgb' on input line 1341.
Package xcolor Info: Model `RGB' extended on input line 1353.
Package xcolor Info: Model `HTML' substituted by `rgb' on input line 1355.
Package xcolor Info: Model `Hsb' substituted by `hsb' on input line 1356.
Package xcolor Info: Model `tHsb' substituted by `hsb' on input line 1357.
Package xcolor Info: Model `HSB' substituted by `hsb' on input line 1358.
Package xcolor Info: Model `Gray' substituted by `gray' on input line 1359.
Package xcolor Info: Model `wave' substituted by `hsb' on input line 1360.
)
(D:\CTEX\MiKTeX\tex\latex\misc\etex.sty
Package: etex 1998/03/26 v2.0 eTeX basic definition package (PEB)
\et@xins=\count100
)
(D:\CTEX\MiKTeX\tex\latex\oberdiek\picture.sty
Package: picture 2009/10/11 v1.3 Dimens for picture macros (HO)
Package picture Info: Calculation method: etex.
)
(D:\CTEX\MiKTeX\tex\latex\multirow\multirow.sty
\bigstrutjot=\dimen141
)
(D:\CTEX\UserData\tex\latex\seqsplit\seqsplit.sty
Package: seqsplit 2006/08/07 v0.1 Splitting long sequences (DNA, RNA, proteins,
 etc.) 
)
(D:\CTEX\UserData\tex\latex\listings\listings.sty
(D:\CTEX\MiKTeX\tex\latex\graphics\keyval.sty
Package: keyval 1999/03/16 v1.13 key=value parser (DPC)
\KV@toks@=\toks17
)
\lst@mode=\count101
\lst@gtempboxa=\box28
\lst@token=\toks18
\lst@length=\count102
\lst@currlwidth=\dimen142
\lst@column=\count103
\lst@pos=\count104
\lst@lostspace=\dimen143
\lst@width=\dimen144
\lst@newlines=\count105
\lst@lineno=\count106
\lst@maxwidth=\dimen145

(D:\CTEX\UserData\tex\latex\listings\lstmisc.sty
File: lstmisc.sty 2014/09/06 1.5e (Carsten Heinz)
\c@lstnumber=\count107
\lst@skipnumbers=\count108
\lst@framebox=\box29
)
(D:\CTEX\UserData\tex\latex\listings\listings.cfg
File: listings.cfg 2014/09/06 1.5e listings configuration
))
Package: listings 2014/09/06 1.5e (Carsten Heinz)

(D:\CTEX\MiKTeX\tex\latex\graphics\graphicx.sty
Package: graphicx 1999/02/16 v1.0f Enhanced LaTeX Graphics (DPC,SPQR)

(D:\CTEX\MiKTeX\tex\latex\graphics\graphics.sty
Package: graphics 2009/02/05 v1.0o Standard LaTeX Graphics (DPC,SPQR)

(D:\CTEX\MiKTeX\tex\latex\graphics\trig.sty
Package: trig 1999/03/16 v1.09 sin cos tan (DPC)
)
(D:\CTEX\MiKTeX\tex\latex\00miktex\graphics.cfg
File: graphics.cfg 2007/01/18 v1.5 graphics configuration of teTeX/TeXLive
)
Package graphics Info: Driver file: pdftex.def on input line 91.
)
\Gin@req@height=\dimen146
\Gin@req@width=\dimen147
)
(D:\CTEX\UserData\tex\latex\caption\caption.sty
Package: caption 2013/05/02 v3.3-89 Customizing captions (AR)

(D:\CTEX\UserData\tex\latex\caption\caption3.sty
Package: caption3 2013/05/02 v1.6-88 caption3 kernel (AR)
Package caption3 Info: TeX engine: e-TeX on input line 57.
\captionmargin=\dimen148
\captionmargin@=\dimen149
\captionwidth=\dimen150
\caption@tempdima=\dimen151
\caption@indent=\dimen152
\caption@parindent=\dimen153
\caption@hangindent=\dimen154
Package caption Info: Unknown document class (or package),
(caption)             standard defaults will be used.
)

Package caption Warning: Unsupported document class (or package) detected,
(caption)                usage of the caption package is not recommended.
See the caption package documentation for explanation.

Package caption Info: \@makecaption = \long macro:#1#2->\ifx \@captype \@IEEEta
blestring \footnotesize \bgroup \par \centering \@IEEEtabletopskipstrut {\norma
lfont \sffamily \footnotesize #1}\\{\normalfont \sffamily \footnotesize #2}\par
 \addvspace {0.5\baselineskip }\egroup \@IEEEtablecaptionsepspace \else \@IEEEf
igurecaptionsepspace \setbox \@tempboxa \hbox {\normalfont \sffamily \footnotes
ize {#1.}\nobreakspace #2}\ifdim \wd \@tempboxa >\hsize \setbox \@tempboxa \hbo
x {\normalfont \sffamily \footnotesize {#1.}\nobreakspace }\parbox [t]{\hsize }
{\normalfont \sffamily \footnotesize \noindent \unhbox \@tempboxa #2}\else \hbo
x to\hsize {\normalfont \sffamily \footnotesize \box \@tempboxa \hfil }\fi \fi 
.
\c@ContinuedFloat=\count109
Package caption Info: listings package is loaded.
) (D:\CTEX\UserData\tex\latex\microtype\microtype.sty
Package: microtype 2013/05/23 v2.5a Micro-typographical refinements (RS)
\MT@toks=\toks19
\MT@count=\count110
LaTeX Info: Redefining \textls on input line 766.
\MT@outer@kern=\dimen155
LaTeX Info: Redefining \textmicrotypecontext on input line 1285.
\MT@listname@count=\count111

(D:\CTEX\UserData\tex\latex\microtype\microtype-pdftex.def
File: microtype-pdftex.def 2013/05/23 v2.5a Definitions specific to pdftex (RS)

LaTeX Info: Redefining \lsstyle on input line 915.
LaTeX Info: Redefining \lslig on input line 915.
\MT@outer@space=\skip47
)
Package microtype Info: Loading configuration file microtype.cfg.

(D:\CTEX\UserData\tex\latex\microtype\microtype.cfg
File: microtype.cfg 2013/05/23 v2.5a microtype main configuration file (RS)
))
(D:\CTEX\UserData\tex\latex\algorithm2e\algorithm2e.sty
Package: algorithm2e 2013/01/06 v5.00 algorithms environments
\c@AlgoLine=\count112

(D:\CTEX\MiKTeX\tex\latex\base\ifthen.sty
Package: ifthen 2001/05/26 v1.1c Standard LaTeX ifthen package (DPC)
)
(D:\CTEX\MiKTeX\tex\latex\tools\xspace.sty
Package: xspace 2009/10/20 v1.13 Space after command names (DPC,MH)
)
(D:\CTEX\MiKTeX\tex\latex\ltxmisc\relsize.sty
Package: relsize 2003/07/04 ver 3.1
)
********************************************************
Package `algorithm2e' Release 5.0 -- january 06 2013 --
- algorithm2e-announce@lirmm.fr mailing list for announcement about releases
- algorithm2e-discussion@lirmm.fr mailing list for discussion about package
subscribe by emailing sympa@lirmm.fr with 'subscribe <list> <firstname name>'
- Author: Christophe Fiorio (cfiorio@um2.fr)
********************************************************
\skiptotal=\skip48
\skiplinenumber=\skip49
\skiprule=\skip50
\skiphlne=\skip51
\skiptext=\skip52
\skiplength=\skip53
\algomargin=\skip54
\skipalgocfslide=\skip55
\algowidth=\dimen156
\inoutsize=\dimen157
\inoutindent=\dimen158
\interspacetitleruled=\dimen159
\interspacealgoruled=\dimen160
\interspacetitleboxruled=\dimen161
\algocf@inoutbox=\box30
\algocf@inputbox=\box31
\AlCapSkip=\skip56
\AlCapHSkip=\skip57
\algoskipindent=\skip58
\algocf@nlbox=\box32
\algocf@hangingbox=\box33
\algocf@untilbox=\box34
\algocf@skipuntil=\skip59
\algocf@capbox=\box35
\algoheightruledefault=\skip60
\algoheightrule=\skip61
\algotitleheightruledefault=\skip62
\algotitleheightrule=\skip63
\c@algocfline=\count113
\c@algocfproc=\count114
\c@algocf=\count115
\algocf@algoframe=\box36
\algocf@algobox=\box37
) (D:\CTEX\UserData\tex\latex\setspace\setspace.sty
Package: setspace 2011/12/19 v6.7a set line spacing
)
(D:\CTEX\UserData\tex\latex\breakurl\breakurl.sty
Package: breakurl 2013/04/10 v1.40 Breakable hyperref URLs

(D:\CTEX\MiKTeX\tex\latex\xkeyval\xkeyval.sty
Package: xkeyval 2008/08/13 v2.6a package option processing (HA)

(D:\CTEX\MiKTeX\tex\generic\xkeyval\xkeyval.tex
\XKV@toks=\toks20
\XKV@tempa@toks=\toks21
\XKV@depth=\count116
File: xkeyval.tex 2008/08/13 v2.6a key=value parser (HA)
))
(D:\CTEX\MiKTeX\tex\generic\oberdiek\ifpdf.sty
Package: ifpdf 2011/01/30 v2.3 Provides the ifpdf switch (HO)
Package ifpdf Info: pdfTeX in PDF mode is detected.
)

Package breakurl Warning: You are using breakurl while processing via pdflatex.

(breakurl)                \burl will be just a synonym of \url.
(breakurl)                 on input line 48.

) (D:\CTEX\MiKTeX\tex\latex\amsfonts\amssymb.sty
Package: amssymb 2009/06/22 v3.00

(D:\CTEX\MiKTeX\tex\latex\amsfonts\amsfonts.sty
Package: amsfonts 2009/06/22 v3.00 Basic AMSFonts support
\@emptytoks=\toks22
\symAMSa=\mathgroup4
\symAMSb=\mathgroup5
LaTeX Font Info:    Overwriting math alphabet `\mathfrak' in version `bold'
(Font)                  U/euf/m/n --> U/euf/b/n on input line 96.
))
(D:\CTEX\MiKTeX\tex\latex\ams\math\amsmath.sty
Package: amsmath 2000/07/18 v2.13 AMS math features
\@mathmargin=\skip64

For additional information on amsmath, use the `?' option.
(D:\CTEX\MiKTeX\tex\latex\ams\math\amstext.sty
Package: amstext 2000/06/29 v2.01

(D:\CTEX\MiKTeX\tex\latex\ams\math\amsgen.sty
File: amsgen.sty 1999/11/30 v2.0
\@emptytoks=\toks23
\ex@=\dimen162
))
(D:\CTEX\MiKTeX\tex\latex\ams\math\amsbsy.sty
Package: amsbsy 1999/11/29 v1.2d
\pmbraise@=\dimen163
)
(D:\CTEX\MiKTeX\tex\latex\ams\math\amsopn.sty
Package: amsopn 1999/12/14 v2.01 operator names
)
\inf@bad=\count117
LaTeX Info: Redefining \frac on input line 211.
\uproot@=\count118
\leftroot@=\count119
LaTeX Info: Redefining \overline on input line 307.
\classnum@=\count120
\DOTSCASE@=\count121
LaTeX Info: Redefining \ldots on input line 379.
LaTeX Info: Redefining \dots on input line 382.
LaTeX Info: Redefining \cdots on input line 467.
\Mathstrutbox@=\box38
\strutbox@=\box39
\big@size=\dimen164
LaTeX Font Info:    Redeclaring font encoding OML on input line 567.
LaTeX Font Info:    Redeclaring font encoding OMS on input line 568.
\macc@depth=\count122
\c@MaxMatrixCols=\count123
\dotsspace@=\muskip10
\c@parentequation=\count124
\dspbrk@lvl=\count125
\tag@help=\toks24
\row@=\count126
\column@=\count127
\maxfields@=\count128
\andhelp@=\toks25
\eqnshift@=\dimen165
\alignsep@=\dimen166
\tagshift@=\dimen167
\tagwidth@=\dimen168
\totwidth@=\dimen169
\lineht@=\dimen170
\@envbody=\toks26
\multlinegap=\skip65
\multlinetaggap=\skip66
\mathdisplay@stack=\toks27
LaTeX Info: Redefining \[ on input line 2666.
LaTeX Info: Redefining \] on input line 2667.
)
(D:\CTEX\MiKTeX\tex\latex\psnfss\pifont.sty
Package: pifont 2005/04/12 PSNFSS-v9.2a Pi font support (SPQR) 
LaTeX Font Info:    Try loading font information for U+pzd on input line 63.

(D:\CTEX\MiKTeX\tex\latex\psnfss\upzd.fd
File: upzd.fd 2001/06/04 font definitions for U/pzd.
)
LaTeX Font Info:    Try loading font information for U+psy on input line 64.

(D:\CTEX\MiKTeX\tex\latex\psnfss\upsy.fd
File: upsy.fd 2001/06/04 font definitions for U/psy.
))
(D:\CTEX\UserData\tex\latex\hyphenat\hyphenat.sty
Package: hyphenat 2009/09/02 v2.3c hyphenation utilities
\langwohyphens=\language1
LaTeX Info: Redefining \_ on input line 43.
)
(D:\CTEX\UserData\tex\latex\enumitem\enumitem.sty
Package: enumitem 2011/09/28 v3.5.2 Customized lists
\labelindent=\skip67
\enit@outerparindent=\dimen171
\enit@toks=\toks28
\enit@inbox=\box40
\enitdp@description=\count129
)
(D:\CTEX\MiKTeX\tex\latex\psnfss\times.sty
Package: times 2005/04/12 PSNFSS-v9.2a (SPQR) 
)
(D:\CTEX\UserData\tex\latex\soul\soul.sty
Package: soul 2003/11/17 v2.4 letterspacing/underlining (mf)
\SOUL@word=\toks29
\SOUL@lasttoken=\toks30
\SOUL@cmds=\toks31
\SOUL@buffer=\toks32
\SOUL@token=\toks33
\SOUL@spaceskip=\skip68
\SOUL@ttwidth=\dimen172
\SOUL@uldp=\dimen173
\SOUL@ulht=\dimen174
)
(D:\CTEX\UserData\tex\latex\preprint\balance.sty
Package: balance 1999/02/23 4.3 (PWD)
\oldvsize=\dimen175
)
(D:\CTEX\UserData\tex\latex\pgf\frontendlayer\tikz.sty
(D:\CTEX\UserData\tex\latex\pgf\basiclayer\pgf.sty
(D:\CTEX\UserData\tex\latex\pgf\utilities\pgfrcs.sty
(D:\CTEX\UserData\tex\generic\pgf\utilities\pgfutil-common.tex
\pgfutil@everybye=\toks34
\pgfutil@tempdima=\dimen176
\pgfutil@tempdimb=\dimen177

(D:\CTEX\UserData\tex\generic\pgf\utilities\pgfutil-common-lists.tex))
(D:\CTEX\UserData\tex\generic\pgf\utilities\pgfutil-latex.def
\pgfutil@abb=\box41

(D:\CTEX\UserData\tex\latex\ms\everyshi.sty
Package: everyshi 2001/05/15 v3.00 EveryShipout Package (MS)
))
(D:\CTEX\UserData\tex\generic\pgf\utilities\pgfrcs.code.tex
Package: pgfrcs 2013/12/20 v3.0.0 (rcs-revision 1.28)
))
Package: pgf 2013/12/18 v3.0.0 (rcs-revision 1.14)

(D:\CTEX\UserData\tex\latex\pgf\basiclayer\pgfcore.sty
(D:\CTEX\UserData\tex\latex\pgf\systemlayer\pgfsys.sty
(D:\CTEX\UserData\tex\generic\pgf\systemlayer\pgfsys.code.tex
Package: pgfsys 2013/11/30 v3.0.0 (rcs-revision 1.47)

(D:\CTEX\UserData\tex\generic\pgf\utilities\pgfkeys.code.tex
\pgfkeys@pathtoks=\toks35
\pgfkeys@temptoks=\toks36

(D:\CTEX\UserData\tex\generic\pgf\utilities\pgfkeysfiltered.code.tex
\pgfkeys@tmptoks=\toks37
))
\pgf@x=\dimen178
\pgf@y=\dimen179
\pgf@xa=\dimen180
\pgf@ya=\dimen181
\pgf@xb=\dimen182
\pgf@yb=\dimen183
\pgf@xc=\dimen184
\pgf@yc=\dimen185
\w@pgf@writea=\write3
\r@pgf@reada=\read1
\c@pgf@counta=\count130
\c@pgf@countb=\count131
\c@pgf@countc=\count132
\c@pgf@countd=\count133
\t@pgf@toka=\toks38
\t@pgf@tokb=\toks39
\t@pgf@tokc=\toks40

(D:\CTEX\UserData\tex\generic\pgf\systemlayer\pgf.cfg
File: pgf.cfg 2008/05/14  (rcs-revision 1.7)
)
Driver file for pgf: pgfsys-pdftex.def

(D:\CTEX\UserData\tex\generic\pgf\systemlayer\pgfsys-pdftex.def
File: pgfsys-pdftex.def 2013/07/18  (rcs-revision 1.33)

(D:\CTEX\UserData\tex\generic\pgf\systemlayer\pgfsys-common-pdf.def
File: pgfsys-common-pdf.def 2013/10/10  (rcs-revision 1.13)
)))
(D:\CTEX\UserData\tex\generic\pgf\systemlayer\pgfsyssoftpath.code.tex
File: pgfsyssoftpath.code.tex 2013/09/09  (rcs-revision 1.9)
\pgfsyssoftpath@smallbuffer@items=\count134
\pgfsyssoftpath@bigbuffer@items=\count135
)
(D:\CTEX\UserData\tex\generic\pgf\systemlayer\pgfsysprotocol.code.tex
File: pgfsysprotocol.code.tex 2006/10/16  (rcs-revision 1.4)
))
(D:\CTEX\UserData\tex\generic\pgf\basiclayer\pgfcore.code.tex
Package: pgfcore 2010/04/11 v3.0.0 (rcs-revision 1.7)

(D:\CTEX\UserData\tex\generic\pgf\math\pgfmath.code.tex
(D:\CTEX\UserData\tex\generic\pgf\math\pgfmathcalc.code.tex
(D:\CTEX\UserData\tex\generic\pgf\math\pgfmathutil.code.tex)
(D:\CTEX\UserData\tex\generic\pgf\math\pgfmathparser.code.tex
\pgfmath@dimen=\dimen186
\pgfmath@count=\count136
\pgfmath@box=\box42
\pgfmath@toks=\toks41
\pgfmath@stack@operand=\toks42
\pgfmath@stack@operation=\toks43
)
(D:\CTEX\UserData\tex\generic\pgf\math\pgfmathfunctions.code.tex
(D:\CTEX\UserData\tex\generic\pgf\math\pgfmathfunctions.basic.code.tex)
(D:\CTEX\UserData\tex\generic\pgf\math\pgfmathfunctions.trigonometric.code.tex)
(D:\CTEX\UserData\tex\generic\pgf\math\pgfmathfunctions.random.code.tex)
(D:\CTEX\UserData\tex\generic\pgf\math\pgfmathfunctions.comparison.code.tex)
(D:\CTEX\UserData\tex\generic\pgf\math\pgfmathfunctions.base.code.tex)
(D:\CTEX\UserData\tex\generic\pgf\math\pgfmathfunctions.round.code.tex)
(D:\CTEX\UserData\tex\generic\pgf\math\pgfmathfunctions.misc.code.tex)
(D:\CTEX\UserData\tex\generic\pgf\math\pgfmathfunctions.integerarithmetics.code
.tex))) (D:\CTEX\UserData\tex\generic\pgf\math\pgfmathfloat.code.tex
\c@pgfmathroundto@lastzeros=\count137
))
(D:\CTEX\UserData\tex\generic\pgf\basiclayer\pgfcorepoints.code.tex
File: pgfcorepoints.code.tex 2013/10/07  (rcs-revision 1.27)
\pgf@picminx=\dimen187
\pgf@picmaxx=\dimen188
\pgf@picminy=\dimen189
\pgf@picmaxy=\dimen190
\pgf@pathminx=\dimen191
\pgf@pathmaxx=\dimen192
\pgf@pathminy=\dimen193
\pgf@pathmaxy=\dimen194
\pgf@xx=\dimen195
\pgf@xy=\dimen196
\pgf@yx=\dimen197
\pgf@yy=\dimen198
\pgf@zx=\dimen199
\pgf@zy=\dimen200
)
(D:\CTEX\UserData\tex\generic\pgf\basiclayer\pgfcorepathconstruct.code.tex
File: pgfcorepathconstruct.code.tex 2013/10/07  (rcs-revision 1.29)
\pgf@path@lastx=\dimen201
\pgf@path@lasty=\dimen202
)
(D:\CTEX\UserData\tex\generic\pgf\basiclayer\pgfcorepathusage.code.tex
File: pgfcorepathusage.code.tex 2013/12/13  (rcs-revision 1.23)
\pgf@shorten@end@additional=\dimen203
\pgf@shorten@start@additional=\dimen204
)
(D:\CTEX\UserData\tex\generic\pgf\basiclayer\pgfcorescopes.code.tex
File: pgfcorescopes.code.tex 2013/10/09  (rcs-revision 1.44)
\pgfpic=\box43
\pgf@hbox=\box44
\pgf@layerbox@main=\box45
\pgf@picture@serial@count=\count138
)
(D:\CTEX\UserData\tex\generic\pgf\basiclayer\pgfcoregraphicstate.code.tex
File: pgfcoregraphicstate.code.tex 2013/09/19  (rcs-revision 1.11)
\pgflinewidth=\dimen205
)
(D:\CTEX\UserData\tex\generic\pgf\basiclayer\pgfcoretransformations.code.tex
File: pgfcoretransformations.code.tex 2013/10/10  (rcs-revision 1.17)
\pgf@pt@x=\dimen206
\pgf@pt@y=\dimen207
\pgf@pt@temp=\dimen208
)
(D:\CTEX\UserData\tex\generic\pgf\basiclayer\pgfcorequick.code.tex
File: pgfcorequick.code.tex 2008/10/09  (rcs-revision 1.3)
)
(D:\CTEX\UserData\tex\generic\pgf\basiclayer\pgfcoreobjects.code.tex
File: pgfcoreobjects.code.tex 2006/10/11  (rcs-revision 1.2)
)
(D:\CTEX\UserData\tex\generic\pgf\basiclayer\pgfcorepathprocessing.code.tex
File: pgfcorepathprocessing.code.tex 2013/09/09  (rcs-revision 1.9)
)
(D:\CTEX\UserData\tex\generic\pgf\basiclayer\pgfcorearrows.code.tex
File: pgfcorearrows.code.tex 2013/11/07  (rcs-revision 1.40)
\pgfarrowsep=\dimen209
)
(D:\CTEX\UserData\tex\generic\pgf\basiclayer\pgfcoreshade.code.tex
File: pgfcoreshade.code.tex 2013/07/15  (rcs-revision 1.15)
\pgf@max=\dimen210
\pgf@sys@shading@range@num=\count139
)
(D:\CTEX\UserData\tex\generic\pgf\basiclayer\pgfcoreimage.code.tex
File: pgfcoreimage.code.tex 2013/07/15  (rcs-revision 1.18)

(D:\CTEX\UserData\tex\generic\pgf\basiclayer\pgfcoreexternal.code.tex
File: pgfcoreexternal.code.tex 2013/07/15  (rcs-revision 1.20)
\pgfexternal@startupbox=\box46
))
(D:\CTEX\UserData\tex\generic\pgf\basiclayer\pgfcorelayers.code.tex
File: pgfcorelayers.code.tex 2013/07/18  (rcs-revision 1.7)
)
(D:\CTEX\UserData\tex\generic\pgf\basiclayer\pgfcoretransparency.code.tex
File: pgfcoretransparency.code.tex 2013/09/30  (rcs-revision 1.5)
)
(D:\CTEX\UserData\tex\generic\pgf\basiclayer\pgfcorepatterns.code.tex
File: pgfcorepatterns.code.tex 2013/11/07  (rcs-revision 1.5)
)))
(D:\CTEX\UserData\tex\generic\pgf\modules\pgfmoduleshapes.code.tex
File: pgfmoduleshapes.code.tex 2013/10/31  (rcs-revision 1.34)
\pgfnodeparttextbox=\box47
)
(D:\CTEX\UserData\tex\generic\pgf\modules\pgfmoduleplot.code.tex
File: pgfmoduleplot.code.tex 2013/07/31  (rcs-revision 1.12)
)
(D:\CTEX\UserData\tex\latex\pgf\compatibility\pgfcomp-version-0-65.sty
Package: pgfcomp-version-0-65 2007/07/03 v3.0.0 (rcs-revision 1.7)
\pgf@nodesepstart=\dimen211
\pgf@nodesepend=\dimen212
)
(D:\CTEX\UserData\tex\latex\pgf\compatibility\pgfcomp-version-1-18.sty
Package: pgfcomp-version-1-18 2007/07/23 v3.0.0 (rcs-revision 1.1)
))
(D:\CTEX\UserData\tex\latex\pgf\utilities\pgffor.sty
(D:\CTEX\UserData\tex\latex\pgf\utilities\pgfkeys.sty
(D:\CTEX\UserData\tex\generic\pgf\utilities\pgfkeys.code.tex))
(D:\CTEX\UserData\tex\latex\pgf\math\pgfmath.sty
(D:\CTEX\UserData\tex\generic\pgf\math\pgfmath.code.tex))
(D:\CTEX\UserData\tex\generic\pgf\utilities\pgffor.code.tex
Package: pgffor 2013/12/13 v3.0.0 (rcs-revision 1.25)

(D:\CTEX\UserData\tex\generic\pgf\math\pgfmath.code.tex)
\pgffor@iter=\dimen213
\pgffor@skip=\dimen214
\pgffor@stack=\toks44
\pgffor@toks=\toks45
))
(D:\CTEX\UserData\tex\generic\pgf\frontendlayer\tikz\tikz.code.tex
Package: tikz 2013/12/13 v3.0.0 (rcs-revision 1.142)

(D:\CTEX\UserData\tex\generic\pgf\libraries\pgflibraryplothandlers.code.tex
File: pgflibraryplothandlers.code.tex 2013/08/31 v3.0.0 (rcs-revision 1.20)
\pgf@plot@mark@count=\count140
\pgfplotmarksize=\dimen215
)
\tikz@lastx=\dimen216
\tikz@lasty=\dimen217
\tikz@lastxsaved=\dimen218
\tikz@lastysaved=\dimen219
\tikzleveldistance=\dimen220
\tikzsiblingdistance=\dimen221
\tikz@figbox=\box48
\tikz@figbox@bg=\box49
\tikz@tempbox=\box50
\tikz@tempbox@bg=\box51
\tikztreelevel=\count141
\tikznumberofchildren=\count142
\tikznumberofcurrentchild=\count143
\tikz@fig@count=\count144

(D:\CTEX\UserData\tex\generic\pgf\modules\pgfmodulematrix.code.tex
File: pgfmodulematrix.code.tex 2013/09/17  (rcs-revision 1.8)
\pgfmatrixcurrentrow=\count145
\pgfmatrixcurrentcolumn=\count146
\pgf@matrix@numberofcolumns=\count147
)
\tikz@expandcount=\count148

(D:\CTEX\UserData\tex\generic\pgf\frontendlayer\tikz\libraries\tikzlibrarytopat
hs.code.tex
File: tikzlibrarytopaths.code.tex 2008/06/17 v3.0.0 (rcs-revision 1.2)
))) (D:\CTEX\UserData\tex\latex\threeparttable\threeparttable.sty
Package: threeparttable 2003/06/13  v 3.0
\@tempboxb=\box52
)
(D:\CTEX\UserData\tex\latex\mathtools\mathtools.sty
Package: mathtools 2015/06/17 v1.17 mathematical typesetting tools

(D:\CTEX\MiKTeX\tex\latex\tools\calc.sty
Package: calc 2007/08/22 v4.3 Infix arithmetic (KKT,FJ)
\calc@Acount=\count149
\calc@Bcount=\count150
\calc@Adimen=\dimen222
\calc@Bdimen=\dimen223
\calc@Askip=\skip69
\calc@Bskip=\skip70
LaTeX Info: Redefining \setlength on input line 76.
LaTeX Info: Redefining \addtolength on input line 77.
\calc@Ccount=\count151
\calc@Cskip=\skip71
)
(D:\CTEX\UserData\tex\latex\mathtools\mhsetup.sty
Package: mhsetup 2010/01/21 v1.2a programming setup (MH)
)
LaTeX Info: Thecontrolsequence`\['isalreadyrobust on input line 129.
LaTeX Info: Thecontrolsequence`\]'isalreadyrobust on input line 129.
\g_MT_multlinerow_int=\count152
\l_MT_multwidth_dim=\dimen224
\origjot=\skip72
\l_MT_shortvdotswithinadjustabove_dim=\dimen225
\l_MT_shortvdotswithinadjustbelow_dim=\dimen226
\l_MT_above_intertext_sep=\dimen227
\l_MT_below_intertext_sep=\dimen228
\l_MT_above_shortintertext_sep=\dimen229
\l_MT_below_shortintertext_sep=\dimen230
)
(D:\CTEX\MiKTeX\tex\latex\tools\tabularx.sty
Package: tabularx 1999/01/07 v2.07 `tabularx' package (DPC)
\TX@col@width=\dimen231
\TX@old@table=\dimen232
\TX@old@col=\dimen233
Normal \dimen register pool exhausted, switching to extended pool.
\TX@target=\dimen256
\TX@delta=\dimen257
\TX@cols=\count153
\TX@ftn=\toks46
)
(D:\CTEX\UserData\tex\latex\koma-script\scrextend.sty
Package: scrextend 2015/10/03 v3.19a KOMA-Script package (extend other classes 
with features of KOMA-Script classes)

(D:\CTEX\UserData\tex\latex\koma-script\scrkbase.sty
Package: scrkbase 2015/10/03 v3.19a KOMA-Script package (KOMA-Script-dependent 
basics and keyval usage)

(D:\CTEX\UserData\tex\latex\koma-script\scrbase.sty
Package: scrbase 2015/10/03 v3.19a KOMA-Script package (KOMA-Script-independent
 basics and keyval usage)

(D:\CTEX\UserData\tex\latex\koma-script\scrlfile.sty
Package: scrlfile 2015/10/03 v3.19a KOMA-Script package (loading files)

Package scrlfile, 2015/10/03 v3.19a KOMA-Script package (loading files)
                  Copyright (C) Markus Kohm

)))) (D:\CTEX\MiKTeX\tex\latex\ltxmisc\varwidth.sty
Package: varwidth 2009/03/30 ver 0.92;  Variable-width minipages
\@vwid@box=\box53
\sift@deathcycles=\count154
\@vwid@loff=\dimen258
\@vwid@roff=\dimen259
)
(D:\CTEX\UserData\tex\generic\pgf\frontendlayer\tikz\libraries\tikzlibrarycalc.
code.tex
File: tikzlibrarycalc.code.tex 2013/07/15 v3.0.0 (rcs-revision 1.9)
)
(D:\CTEX\UserData\tex\generic\pgf\frontendlayer\tikz\libraries\tikzlibrarydecor
ations.pathmorphing.code.tex
(D:\CTEX\UserData\tex\generic\pgf\frontendlayer\tikz\libraries\tikzlibrarydecor
ations.code.tex
(D:\CTEX\UserData\tex\generic\pgf\modules\pgfmoduledecorations.code.tex
\pgfdecoratedcompleteddistance=\dimen260
\pgfdecoratedremainingdistance=\dimen261
\pgfdecoratedinputsegmentcompleteddistance=\dimen262
\pgfdecoratedinputsegmentremainingdistance=\dimen263
\pgf@decorate@distancetomove=\dimen264
\pgf@decorate@repeatstate=\count155
\pgfdecorationsegmentamplitude=\dimen265
\pgfdecorationsegmentlength=\dimen266
)
\tikz@lib@dec@box=\box54
)
(D:\CTEX\UserData\tex\generic\pgf\libraries\decorations\pgflibrarydecorations.p
athmorphing.code.tex))
(D:\CTEX\UserData\tex\generic\pgf\frontendlayer\tikz\libraries\tikzlibraryshape
s.code.tex
File: tikzlibraryshapes.code.tex 2008/01/09 v3.0.0 (rcs-revision 1.1)

(D:\CTEX\UserData\tex\generic\pgf\frontendlayer\tikz\libraries\tikzlibraryshape
s.geometric.code.tex
File: tikzlibraryshapes.geometric.code.tex 2008/01/09 v3.0.0 (rcs-revision 1.1)


(D:\CTEX\UserData\tex\generic\pgf\libraries\shapes\pgflibraryshapes.geometric.c
ode.tex
File: pgflibraryshapes.geometric.code.tex 2008/06/26 v3.0.0 (rcs-revision 1.1)
))
(D:\CTEX\UserData\tex\generic\pgf\frontendlayer\tikz\libraries\tikzlibraryshape
s.misc.code.tex
File: tikzlibraryshapes.misc.code.tex 2008/01/09 v3.0.0 (rcs-revision 1.1)

(D:\CTEX\UserData\tex\generic\pgf\libraries\shapes\pgflibraryshapes.misc.code.t
ex
File: pgflibraryshapes.misc.code.tex 2013/07/18 v3.0.0 (rcs-revision 1.5)
))
(D:\CTEX\UserData\tex\generic\pgf\frontendlayer\tikz\libraries\tikzlibraryshape
s.symbols.code.tex
File: tikzlibraryshapes.symbols.code.tex 2008/01/09 v3.0.0 (rcs-revision 1.1)

(D:\CTEX\UserData\tex\generic\pgf\libraries\shapes\pgflibraryshapes.symbols.cod
e.tex
File: pgflibraryshapes.symbols.code.tex 2013/09/11 v3.0.0 (rcs-revision 1.6)
))
(D:\CTEX\UserData\tex\generic\pgf\frontendlayer\tikz\libraries\tikzlibraryshape
s.arrows.code.tex
File: tikzlibraryshapes.arrows.code.tex 2008/01/09 v3.0.0 (rcs-revision 1.1)

(D:\CTEX\UserData\tex\generic\pgf\libraries\shapes\pgflibraryshapes.arrows.code
.tex
File: pgflibraryshapes.arrows.code.tex 2008/06/26 v3.0.0 (rcs-revision 1.1)
))
(D:\CTEX\UserData\tex\generic\pgf\frontendlayer\tikz\libraries\tikzlibraryshape
s.callouts.code.tex
(D:\CTEX\UserData\tex\generic\pgf\libraries\shapes\pgflibraryshapes.callouts.co
de.tex))
(D:\CTEX\UserData\tex\generic\pgf\frontendlayer\tikz\libraries\tikzlibraryshape
s.multipart.code.tex
File: tikzlibraryshapes.multipart.code.tex 2008/01/09 v3.0.0 (rcs-revision 1.1)


(D:\CTEX\UserData\tex\generic\pgf\libraries\shapes\pgflibraryshapes.multipart.c
ode.tex
File: pgflibraryshapes.multipart.code.tex 2010/01/07 v3.0.0 (rcs-revision 1.2)
\pgfnodepartlowerbox=\box55
\pgfnodeparttwobox=\box56
\pgfnodepartthreebox=\box57
\pgfnodepartfourbox=\box58
\pgfnodeparttwentybox=\box59
\pgfnodepartnineteenbox=\box60
\pgfnodeparteighteenbox=\box61
\pgfnodepartseventeenbox=\box62
\pgfnodepartsixteenbox=\box63
\pgfnodepartfifteenbox=\box64
\pgfnodepartfourteenbox=\box65
\pgfnodepartthirteenbox=\box66
\pgfnodeparttwelvebox=\box67
\pgfnodepartelevenbox=\box68
\pgfnodeparttenbox=\box69
\pgfnodepartninebox=\box70
\pgfnodeparteightbox=\box71
\pgfnodepartsevenbox=\box72
\pgfnodepartsixbox=\box73
\pgfnodepartfivebox=\box74
))) (D:\CTEX\MiKTeX\tex\latex\hyperref\hyperref.sty
Package: hyperref 2012/02/06 v6.82o Hypertext links for LaTeX

(D:\CTEX\MiKTeX\tex\generic\oberdiek\hobsub-hyperref.sty
Package: hobsub-hyperref 2011/04/23 v1.4 Bundle oberdiek, subset hyperref (HO)

(D:\CTEX\MiKTeX\tex\generic\oberdiek\hobsub-generic.sty
Package: hobsub-generic 2011/04/23 v1.4 Bundle oberdiek, subset generic (HO)
Package: hobsub 2011/04/23 v1.4 Subsetting bundle oberdiek (HO)
Package hobsub Info: Skipping package `infwarerr' (already loaded).
Package hobsub Info: Skipping package `ltxcmds' (already loaded).
Package: ifluatex 2010/03/01 v1.3 Provides the ifluatex switch (HO)
Package ifluatex Info: LuaTeX not detected.
Package: ifvtex 2010/03/01 v1.5 Switches for detecting VTeX and its modes (HO)
Package ifvtex Info: VTeX not detected.
Package: intcalc 2007/09/27 v1.1 Expandable integer calculations (HO)
Package hobsub Info: Skipping package `ifpdf' (already loaded).
Package: etexcmds 2011/02/16 v1.5 Prefix for e-TeX command names (HO)
Package etexcmds Info: Could not find \expanded.
(etexcmds)             That can mean that you are not using pdfTeX 1.50 or
(etexcmds)             that some package has redefined \expanded.
(etexcmds)             In the latter case, load this package earlier.
Package: kvsetkeys 2011/04/07 v1.13 Key value parser (HO)
Package: kvdefinekeys 2011/04/07 v1.3 Defining keys (HO)
Package: pdftexcmds 2011/04/22 v0.16 Utilities of pdfTeX for LuaTeX (HO)
Package pdftexcmds Info: LuaTeX not detected.
Package pdftexcmds Info: \pdf@primitive is available.
Package pdftexcmds Info: \pdf@ifprimitive is available.
Package pdftexcmds Info: \pdfdraftmode found.
Package: pdfescape 2011/04/04 v1.12 Provides string conversions (HO)
Package: bigintcalc 2011/01/30 v1.2 Expandable big integer calculations (HO)
Package: bitset 2011/01/30 v1.1 Data type bit set (HO)
Package: uniquecounter 2011/01/30 v1.2 Provides unlimited unique counter (HO)
)
Package hobsub Info: Skipping package `hobsub' (already loaded).
Package: letltxmacro 2010/09/02 v1.4 Let assignment for LaTeX macros (HO)
Package: hopatch 2011/01/30 v1.0 Wrapper for package hooks (HO)
Package: xcolor-patch 2011/01/30 xcolor patch
Package: atveryend 2011/04/23 v1.7 Hooks at very end of document (HO)
Package: atbegshi 2011/01/30 v1.15 At begin shipout hook (HO)
Package: refcount 2010/12/01 v3.2 Data extraction from references (HO)
Package: hycolor 2011/01/30 v1.7 Color options of hyperref/bookmark (HO)
)
(D:\CTEX\MiKTeX\tex\generic\ifxetex\ifxetex.sty
Package: ifxetex 2010/09/12 v0.6 Provides ifxetex conditional
)
(D:\CTEX\MiKTeX\tex\latex\oberdiek\kvoptions.sty
Package: kvoptions 2010/12/23 v3.10 Keyval support for LaTeX options (HO)
)
\@linkdim=\dimen267
\Hy@linkcounter=\count156
\Hy@pagecounter=\count157

(D:\CTEX\MiKTeX\tex\latex\hyperref\pd1enc.def
File: pd1enc.def 2012/02/06 v6.82o Hyperref: PDFDocEncoding definition (HO)
)
\Hy@SavedSpaceFactor=\count158

(D:\CTEX\MiKTeX\tex\latex\00miktex\hyperref.cfg
File: hyperref.cfg 2002/06/06 v1.2 hyperref configuration of TeXLive
)
Package hyperref Info: Option `colorlinks' set `true' on input line 3925.
Package hyperref Info: Hyper figures OFF on input line 4046.
Package hyperref Info: Link nesting OFF on input line 4051.
Package hyperref Info: Hyper index ON on input line 4054.
Package hyperref Info: Plain pages OFF on input line 4061.
Package hyperref Info: Backreferencing OFF on input line 4066.
Package hyperref Info: Implicit mode ON; LaTeX internals redefined.
Package hyperref Info: Bookmarks ON on input line 4284.
\c@Hy@tempcnt=\count159

(D:\CTEX\MiKTeX\tex\latex\ltxmisc\url.sty
\Urlmuskip=\muskip11
Package: url 2006/04/12  ver 3.3  Verb mode for urls, etc.
)
LaTeX Info: Redefining \url on input line 4637.
\Fld@menulength=\count160
\Field@Width=\dimen268
\Fld@charsize=\dimen269
Package hyperref Info: Hyper figures OFF on input line 5757.
Package hyperref Info: Link nesting OFF on input line 5762.
Package hyperref Info: Hyper index ON on input line 5765.
Package hyperref Info: backreferencing OFF on input line 5772.
Package hyperref Info: Link coloring ON on input line 5775.
Package hyperref Info: Link coloring with OCG OFF on input line 5782.
Package hyperref Info: PDF/A mode OFF on input line 5787.
LaTeX Info: Redefining \ref on input line 5827.
LaTeX Info: Redefining \pageref on input line 5831.
\Hy@abspage=\count161
\c@Item=\count162
\c@Hfootnote=\count163
)

Package hyperref Message: Driver (autodetected): hpdftex.

(D:\CTEX\MiKTeX\tex\latex\hyperref\hpdftex.def
File: hpdftex.def 2012/02/06 v6.82o Hyperref driver for pdfTeX
\Fld@listcount=\count164
\c@bookmark@seq@number=\count165

(D:\CTEX\MiKTeX\tex\latex\oberdiek\rerunfilecheck.sty
Package: rerunfilecheck 2011/04/15 v1.7 Rerun checks for auxiliary files (HO)
Package uniquecounter Info: New unique counter `rerunfilecheck' on input line 2
82.
)
\Hy@SectionHShift=\skip73
)
(D:\CTEX\MiKTeX\tex\latex\tools\verbatim.sty
Package: verbatim 2003/08/22 v1.5q LaTeX2e package for verbatim enhancements
\every@verbatim=\toks47
\verbatim@line=\toks48
\verbatim@in@stream=\read2
)
(D:\CTEX\UserData\tex\generic\pgf\frontendlayer\tikz\libraries\tikzlibraryarrow
s.code.tex
File: tikzlibraryarrows.code.tex 2008/01/09 v3.0.0 (rcs-revision 1.1)

(D:\CTEX\UserData\tex\generic\pgf\libraries\pgflibraryarrows.code.tex
File: pgflibraryarrows.code.tex 2013/09/23 v3.0.0 (rcs-revision 1.16)
\arrowsize=\dimen270
))
(D:\CTEX\UserData\tex\latex\subfigure\subfigure.sty
Package: subfigure 2002/07/30 v2.1.4 subfigure package
\subfigtopskip=\skip74
\subfigcapskip=\skip75
\subfigcaptopadj=\dimen271
\subfigbottomskip=\skip76
\subfigcapmargin=\dimen272
\subfiglabelskip=\skip77
\c@subfigure=\count166
\c@lofdepth=\count167
\c@subtable=\count168
\c@lotdepth=\count169

****************************************
* Local config file subfigure.cfg used *
****************************************
(D:\CTEX\UserData\tex\latex\subfigure\subfigure.cfg)
\subfig@top=\skip78
\subfig@bottom=\skip79
)
(D:\CTEX\UserData\tex\latex\listings\lstlang1.sty
File: lstlang1.sty 2014/09/06 1.5e listings language file
)
(D:\CTEX\UserData\tex\latex\listings\lstlang2.sty
File: lstlang2.sty 2014/09/06 1.5e listings language file
)
(D:\CTEX\UserData\tex\latex\listings\lstlang3.sty
File: lstlang3.sty 2014/09/06 1.5e listings language file
)
\c@example=\count170
\marincrease=\skip80
\c@defn=\count171
\c@assu=\count172
\c@exmp=\count173
\c@pattern=\count174

(C:\Users\yinxing\Desktop\TSE-BINGO\TSE-2016\TSE_Bingo.aux

LaTeX Warning: Label `thm:cdd' multiply defined.


LaTeX Warning: Label `sec:evaluation_rq2' multiply defined.

)
LaTeX Font Info:    Checking defaults for OML/cmm/m/it on input line 192.
LaTeX Font Info:    ... okay on input line 192.
LaTeX Font Info:    Checking defaults for T1/cmr/m/n on input line 192.
LaTeX Font Info:    ... okay on input line 192.
LaTeX Font Info:    Checking defaults for OT1/cmr/m/n on input line 192.
LaTeX Font Info:    ... okay on input line 192.
LaTeX Font Info:    Checking defaults for OMS/cmsy/m/n on input line 192.
LaTeX Font Info:    ... okay on input line 192.
LaTeX Font Info:    Checking defaults for OMX/cmex/m/n on input line 192.
LaTeX Font Info:    ... okay on input line 192.
LaTeX Font Info:    Checking defaults for U/cmr/m/n on input line 192.
LaTeX Font Info:    ... okay on input line 192.
LaTeX Font Info:    Checking defaults for PD1/pdf/m/n on input line 192.
LaTeX Font Info:    ... okay on input line 192.
LaTeX Font Info:    Try loading font information for OT1+ptm on input line 192.

 (D:\CTEX\MiKTeX\tex\latex\psnfss\ot1ptm.fd
File: ot1ptm.fd 2001/06/04 font definitions for OT1/ptm.
)
LaTeX Font Info:    Font shape `OT1/ptm/bx/n' in size <5.01874> not available
(Font)              Font shape `OT1/ptm/b/n' tried instead on input line 192.
LaTeX Font Info:    Font shape `OT1/ptm/bx/it' in size <5.01874> not available
(Font)              Font shape `OT1/ptm/b/it' tried instead on input line 192.
LaTeX Font Info:    Font shape `OT1/ptm/bx/n' in size <7.02625> not available
(Font)              Font shape `OT1/ptm/b/n' tried instead on input line 192.
LaTeX Font Info:    Font shape `OT1/ptm/bx/it' in size <7.02625> not available
(Font)              Font shape `OT1/ptm/b/it' tried instead on input line 192.
LaTeX Font Info:    Font shape `OT1/ptm/bx/n' in size <8.03> not available
(Font)              Font shape `OT1/ptm/b/n' tried instead on input line 192.
LaTeX Font Info:    Font shape `OT1/ptm/bx/it' in size <8.03> not available
(Font)              Font shape `OT1/ptm/b/it' tried instead on input line 192.
LaTeX Font Info:    Font shape `OT1/ptm/bx/n' in size <9.03374> not available
(Font)              Font shape `OT1/ptm/b/n' tried instead on input line 192.
LaTeX Font Info:    Font shape `OT1/ptm/bx/it' in size <9.03374> not available
(Font)              Font shape `OT1/ptm/b/it' tried instead on input line 192.
LaTeX Font Info:    Font shape `OT1/ptm/bx/n' in size <9.53561> not available
(Font)              Font shape `OT1/ptm/b/n' tried instead on input line 192.
LaTeX Font Info:    Font shape `OT1/ptm/bx/it' in size <9.53561> not available
(Font)              Font shape `OT1/ptm/b/it' tried instead on input line 192.
LaTeX Font Info:    Font shape `OT1/ptm/bx/n' in size <11.04124> not available
(Font)              Font shape `OT1/ptm/b/n' tried instead on input line 192.
LaTeX Font Info:    Font shape `OT1/ptm/bx/it' in size <11.04124> not available

(Font)              Font shape `OT1/ptm/b/it' tried instead on input line 192.
LaTeX Font Info:    Font shape `OT1/ptm/bx/n' in size <12.045> not available
(Font)              Font shape `OT1/ptm/b/n' tried instead on input line 192.
LaTeX Font Info:    Font shape `OT1/ptm/bx/it' in size <12.045> not available
(Font)              Font shape `OT1/ptm/b/it' tried instead on input line 192.
LaTeX Font Info:    Font shape `OT1/ptm/bx/n' in size <17.06374> not available
(Font)              Font shape `OT1/ptm/b/n' tried instead on input line 192.
LaTeX Font Info:    Font shape `OT1/ptm/bx/it' in size <17.06374> not available

(Font)              Font shape `OT1/ptm/b/it' tried instead on input line 192.
LaTeX Font Info:    Font shape `OT1/ptm/bx/n' in size <20.075> not available
(Font)              Font shape `OT1/ptm/b/n' tried instead on input line 192.
LaTeX Font Info:    Font shape `OT1/ptm/bx/it' in size <20.075> not available
(Font)              Font shape `OT1/ptm/b/it' tried instead on input line 192.
LaTeX Font Info:    Font shape `OT1/ptm/bx/n' in size <24.09> not available
(Font)              Font shape `OT1/ptm/b/n' tried instead on input line 192.
LaTeX Font Info:    Font shape `OT1/ptm/bx/it' in size <24.09> not available
(Font)              Font shape `OT1/ptm/b/it' tried instead on input line 192.

-- Lines per column: 61 (exact).
(D:\CTEX\MiKTeX\tex\context\base\supp-pdf.mkii
[Loading MPS to PDF converter (version 2006.09.02).]
\scratchcounter=\count175
\scratchdimen=\dimen273
\scratchbox=\box75
\nofMPsegments=\count176
\nofMParguments=\count177
\everyMPshowfont=\toks49
\MPscratchCnt=\count178
\MPscratchDim=\dimen274
\MPnumerator=\count179
\makeMPintoPDFobject=\count180
\everyMPtoPDFconversion=\toks50
)
\c@lstlisting=\count181
Package caption Info: Begin \AtBeginDocument code.
Package caption Info: hyperref package is loaded.
Package caption Info: subfigure package is loaded.
Package caption Info: threeparttable package is loaded.
Package caption Info: End \AtBeginDocument code.
LaTeX Info: Redefining \microtypecontext on input line 192.
Package microtype Info: Generating PDF output.
Package microtype Info: Character protrusion enabled (level 2).
Package microtype Info: Using default protrusion set `alltext'.
Package microtype Info: Automatic font expansion enabled (level 2),
(microtype)             stretch: 20, shrink: 20, step: 1, non-selected.
Package microtype Info: Using default expansion set `basictext'.
Package microtype Info: No adjustment of tracking.
Package microtype Info: No adjustment of interword spacing.
Package microtype Info: No adjustment of character kerning.
 (D:\CTEX\UserData\tex\latex\microtype\mt-ptm.cfg
File: mt-ptm.cfg 2006/04/20 v1.7 microtype config. file: Times (RS)
)
ABD: EveryShipout initializing macros
\AtBeginShipoutBox=\box76
Package hyperref Info: Link coloring ON on input line 192.

(D:\CTEX\MiKTeX\tex\latex\hyperref\nameref.sty
Package: nameref 2010/04/30 v2.40 Cross-referencing by name of section

(D:\CTEX\MiKTeX\tex\generic\oberdiek\gettitlestring.sty
Package: gettitlestring 2010/12/03 v1.4 Cleanup title references (HO)
)
\c@section@level=\count182
)
LaTeX Info: Redefining \ref on input line 192.
LaTeX Info: Redefining \pageref on input line 192.
LaTeX Info: Redefining \nameref on input line 192.

(C:\Users\yinxing\Desktop\TSE-BINGO\TSE-2016\TSE_Bingo.out)
(C:\Users\yinxing\Desktop\TSE-BINGO\TSE-2016\TSE_Bingo.out)
\@outlinefile=\write4

(C:\Users\yinxing\Desktop\TSE-BINGO\TSE-2016\command.tex
\c@mydef=\count183

(D:\CTEX\UserData\tex\latex\listings\lstlang1.sty
File: lstlang1.sty 2014/09/06 1.5e listings language file
)
\c@sarrow=\count184
)
LaTeX Font Info:    Try loading font information for OT1+phv on input line 317.


(D:\CTEX\MiKTeX\tex\latex\psnfss\ot1phv.fd
File: ot1phv.fd 2001/06/04 scalable font definitions for OT1/phv.
)
Package microtype Info: Loading generic settings for font family
(microtype)             `phv' (encoding: OT1).
(microtype)             For optimal results, create family-specific settings.
(microtype)             See the microtype manual for details.
LaTeX Font Info:    Font shape `OT1/phv/m/it' in size <11.04124> not available
(Font)              Font shape `OT1/phv/m/sl' tried instead on input line 317.
LaTeX Font Info:    Font shape `OT1/phv/bx/n' in size <8.03> not available
(Font)              Font shape `OT1/phv/b/n' tried instead on input line 317.
LaTeX Font Info:    Calculating math sizes for size <11.04124> on input line 31
7.

(D:\CTEX\UserData\tex\latex\microtype\mt-cmr.cfg
File: mt-cmr.cfg 2013/05/19 v2.2 microtype config. file: Computer Modern Roman 
(RS)
)
LaTeX Font Info:    Try loading font information for U+msa on input line 317.

(D:\CTEX\MiKTeX\tex\latex\amsfonts\umsa.fd
File: umsa.fd 2009/06/22 v3.00 AMS symbols A
)
(D:\CTEX\UserData\tex\latex\microtype\mt-msa.cfg
File: mt-msa.cfg 2006/02/04 v1.1 microtype config. file: AMS symbols (a) (RS)
)
LaTeX Font Info:    Try loading font information for U+msb on input line 317.

(D:\CTEX\MiKTeX\tex\latex\amsfonts\umsb.fd
File: umsb.fd 2009/06/22 v3.00 AMS symbols B
)
(D:\CTEX\UserData\tex\latex\microtype\mt-msb.cfg
File: mt-msb.cfg 2005/06/01 v1.0 microtype config. file: AMS symbols (b) (RS)
)
LaTeX Font Info:    Calculating math sizes for size <8.03> on input line 317.

(C:\Users\yinxing\Desktop\TSE-BINGO\TSE-2016\srj-introduction.tex
LaTeX Font Info:    Font shape `OT1/phv/bx/n' in size <11.04124> not available
(Font)              Font shape `OT1/phv/b/n' tried instead on input line 3.
LaTeX Font Info:    Font shape `OT1/phv/bx/sc' in size <11.04124> not available

(Font)              Font shape `OT1/phv/b/sc' tried instead on input line 3.
LaTeX Font Info:    Calculating math sizes for size <9.53561> on input line 7.


LaTeX Warning: No positions in optional float specifier.
               Default added (so using `tbp') on input line 62.

LaTeX Font Info:    Calculating math sizes for size <7.02625> on input line 66.


Underfull \hbox (badness 10000) in paragraph at lines 68--68
[]|\OT1/ptm/b/n/7.02625 Structural
 []


Underfull \hbox (badness 10000) in paragraph at lines 68--68
[]|\OT1/ptm/b/n/7.02625 Syntactic
 []


Underfull \hbox (badness 10000) in paragraph at lines 68--68
[]|\OT1/ptm/b/n/7.02625 Constraint
 []


Underfull \hbox (badness 1776) in paragraph at lines 68--68
[]|\OT1/ptm/b/n/7.02625 Fast fil-ter-
 []


Underfull \hbox (badness 10000) in paragraph at lines 68--68
[]|\OT1/ptm/b/n/7.02625 Selective
 []


Underfull \vbox (badness 6842) has occurred while \output is active []

 [1{D:/CTEX/UserData/pdftex/config/pdftex.map{Unicode.sfd}{UGBK.sfd}}


]
LaTeX Font Info:    Try loading font information for OMS+ptm on input line 169.


(D:\CTEX\MiKTeX\tex\latex\psnfss\omsptm.fd
File: omsptm.fd 
)
LaTeX Font Info:    Font shape `OMS/ptm/m/n' in size <9.53561> not available
(Font)              Font shape `OMS/cmsy/m/n' tried instead on input line 169.
)
(C:\Users\yinxing\Desktop\TSE-BINGO\TSE-2016\srj-problem.tex
LaTeX Font Info:    Try loading font information for OT1+pcr on input line 8.

(D:\CTEX\MiKTeX\tex\latex\psnfss\ot1pcr.fd
File: ot1pcr.fd 2001/06/04 font definitions for OT1/pcr.
)
Package microtype Info: Loading generic settings for font family
(microtype)             `pcr' (encoding: OT1).
(microtype)             For optimal results, create family-specific settings.
(microtype)             See the microtype manual for details.
 [2]
<srj-figures/srj-moti_ex2.pdf, id=335, 845.07718pt x 597.55246pt>
File: srj-figures/srj-moti_ex2.pdf Graphic file (type pdf)

<use srj-figures/srj-moti_ex2.pdf>
Package pdftex.def Info: srj-figures/srj-moti_ex2.pdf used on input line 11.
(pdftex.def)             Requested size: 252.94499pt x 178.85681pt.

<srj-figures/bingoV_exam1a.png, id=336, 366.61969pt x 319.1925pt>
File: srj-figures/bingoV_exam1a.png Graphic file (type png)

<use srj-figures/bingoV_exam1a.png>
Package pdftex.def Info: srj-figures/bingoV_exam1a.png used on input line 21.
(pdftex.def)             Requested size: 130.08621pt x 113.25812pt.

<srj-figures/bingoV_exam1b.png, id=337, 618.51076pt x 246.9225pt>
File: srj-figures/bingoV_exam1b.png Graphic file (type png)

<use srj-figures/bingoV_exam1b.png>
Package pdftex.def Info: srj-figures/bingoV_exam1b.png used on input line 25.
(pdftex.def)             Requested size: 276.07191pt x 110.2136pt.
LaTeX Font Info:    Font shape `OT1/phv/bx/n' in size <9.53561> not available
(Font)              Font shape `OT1/phv/b/n' tried instead on input line 42.
)
(C:\Users\yinxing\Desktop\TSE-BINGO\TSE-2016\srj-overview.tex
<srj-figures/bingo_e_arch.png, id=362, 1333.98375pt x 617.30624pt>
File: srj-figures/bingo_e_arch.png Graphic file (type png)

<use srj-figures/bingo_e_arch.png>
Package pdftex.def Info: srj-figures/bingo_e_arch.png used on input line 13.
(pdftex.def)             Requested size: 256.0748pt x 118.49507pt.

Overfull \hbox (3.1298pt too wide) in paragraph at lines 13--14
 [] 
 []

[3 <C:/Users/yinxing/Desktop/TSE-BINGO/TSE-2016/srj-figures/srj-moti_ex2.pdf>]
Underfull \hbox (badness 10000) in paragraph at lines 85--85
[]|\OT1/ptm/b/n/9.53561 High-level
 []


Underfull \hbox (badness 10000) in paragraph at lines 85--86
[]|\OT1/ptm/b/n/9.53561 Structural
 []

[4 <C:/Users/yinxing/Desktop/TSE-BINGO/TSE-2016/srj-figures/bingoV_exam1a.png> 
<C:/Users/yinxing/Desktop/TSE-BINGO/TSE-2016/srj-figures/bingoV_exam1b.png> <C:
/Users/yinxing/Desktop/TSE-BINGO/TSE-2016/srj-figures/bingo_e_arch.png>])
(C:\Users\yinxing\Desktop\TSE-BINGO\TSE-2016\srj-featureCate.tex
Missing character: There is no  in font ptmr7t!
Missing character: There is no  in font ptmr7t!
Missing character: There is no  in font ptmr7t!
Missing character: There is no  in font ptmr7t!
Missing character: There is no  in font ptmr7t!
Missing character: There is no  in font ptmr7t!
LaTeX Font Info:    Calculating math sizes for size <9.03374> on input line 36.


<srj-figures/3d-cfg.png, id=430, 419.31656pt x 582.67688pt>
File: srj-figures/3d-cfg.png Graphic file (type png)

<use srj-figures/3d-cfg.png>
Package pdftex.def Info: srj-figures/3d-cfg.png used on input line 61.
(pdftex.def)             Requested size: 56.9055pt x 79.06696pt.

Overfull \hbox (6.00758pt too wide) in paragraph at lines 58--84
[]$[]$   $[]$
 []

[5 <C:/Users/yinxing/Desktop/TSE-BINGO/TSE-2016/srj-figures/3d-cfg.png>]
Package microtype Info: Loading generic settings for font family
(microtype)             `cmtt' (encoding: OT1).
(microtype)             For optimal results, create family-specific settings.
(microtype)             See the microtype manual for details.

Overfull \hbox (13.24629pt too wide) in paragraph at lines 166--187
 [][] 
 []

LaTeX Font Info:    Font shape `OMS/ptm/m/n' in size <7.02625> not available
(Font)              Font shape `OMS/cmsy/m/n' tried instead on input line 195.
Missing character: There is no  in font ptmr7t!
Missing character: There is no  in font ptmr7t!
Missing character: There is no  in font ptmr7t!

Overfull \hbox (6.00758pt too wide) in paragraph at lines 98--211
[]$[]$   $[]$
 []


Overfull \hbox (6.00758pt too wide) in paragraph at lines 98--211
$[]$   $[]$ 
 []

LaTeX Font Info:    Font shape `OMS/ptm/m/n' in size <9.03374> not available
(Font)              Font shape `OMS/cmsy/m/n' tried instead on input line 221.
LaTeX Font Info:    Font shape `OT1/phv/m/it' in size <9.53561> not available
(Font)              Font shape `OT1/phv/m/sl' tried instead on input line 223.

LaTeX Font Warning: Command \scriptsize invalid in math mode on input line 234.


[6] (C:\Users\yinxing\Desktop\TSE-BINGO\TSE-2016\srj-emulation.tex
Overfull \hbox (6.00758pt too wide) in paragraph at lines 55--117
[]$[]$   $[]$
 []


Overfull \hbox (6.00758pt too wide) in paragraph at lines 55--117
$[]$   $[]$
 []

)) (C:\Users\yinxing\Desktop\TSE-BINGO\TSE-2016\srj-selective_inlining.tex
<srj-figures/srj-caller-callee6.pdf, id=517, 1166.56322pt x 130.88269pt>
File: srj-figures/srj-caller-callee6.pdf Graphic file (type pdf)

<use srj-figures/srj-caller-callee6.pdf>
Package pdftex.def Info: srj-figures/srj-caller-callee6.pdf used on input line 
11.
(pdftex.def)             Requested size: 517.935pt x 58.11179pt.
 [7]

Package relsize Warning: Size requested is too small.
(relsize)                Using 5.01874pt instead on input line 99.


Package relsize Warning: Size requested is too small.
(relsize)                Using 5.01874pt instead on input line 99.


Package relsize Warning: Size requested is too small.
(relsize)                Using 5.01874pt instead on input line 99.


Package relsize Warning: Size requested is too small.
(relsize)                Using 5.01874pt instead on input line 99.


Package relsize Warning: Size requested is too small.
(relsize)                Using 5.01874pt instead on input line 99.


Package relsize Warning: Size requested is too small.
(relsize)                Using 5.01874pt instead on input line 99.


Package relsize Warning: Size requested is too small.
(relsize)                Using 5.01874pt instead on input line 99.


Package relsize Warning: Size requested is too small.
(relsize)                Using 5.01874pt instead on input line 99.


Package relsize Warning: Size requested is too small.
(relsize)                Using 5.01874pt instead on input line 99.


Package relsize Warning: Size requested is too small.
(relsize)                Using 5.01874pt instead on input line 99.


Package relsize Warning: Size requested is too small.
(relsize)                Using 5.01874pt instead on input line 99.


Package relsize Warning: Size requested is too small.
(relsize)                Using 5.01874pt instead on input line 99.


Package relsize Warning: Size requested is too small.
(relsize)                Using 5.01874pt instead on input line 99.


Package relsize Warning: Size requested is too small.
(relsize)                Using 5.01874pt instead on input line 99.


Package relsize Warning: Size requested is too small.
(relsize)                Using 5.01874pt instead on input line 99.


Package relsize Warning: Size requested is too small.
(relsize)                Using 5.01874pt instead on input line 99.


Package relsize Warning: Size requested is too small.
(relsize)                Using 5.01874pt instead on input line 99.


Package relsize Warning: Size requested is too small.
(relsize)                Using 5.01874pt instead on input line 99.


Package relsize Warning: Size requested is too small.
(relsize)                Using 5.01874pt instead on input line 99.


Package relsize Warning: Size requested is too small.
(relsize)                Using 5.01874pt instead on input line 99.


Package relsize Warning: Size requested is too small.
(relsize)                Using 5.01874pt instead on input line 99.


Package relsize Warning: Size requested is too small.
(relsize)                Using 5.01874pt instead on input line 99.


Package relsize Warning: Size requested is too small.
(relsize)                Using 5.01874pt instead on input line 99.


Overfull \hbox (252.94499pt too wide) in paragraph at lines 101--101
[][] 
 []

[8 <C:/Users/yinxing/Desktop/TSE-BINGO/TSE-2016/srj-figures/srj-caller-callee6.
pdf>]) (C:\Users\yinxing\Desktop\TSE-BINGO\TSE-2016\srj-function_matching.tex

LaTeX Warning: No positions in optional float specifier.
               Default added (so using `tbp') on input line 71.

<srj-figures/srj-partial_trace_ex.pdf, id=612, 512.1496pt x 213.39565pt>
File: srj-figures/srj-partial_trace_ex.pdf Graphic file (type pdf)

<use srj-figures/srj-partial_trace_ex.pdf>
Package pdftex.def Info: srj-figures/srj-partial_trace_ex.pdf used on input lin
e 73.
(pdftex.def)             Requested size: 213.39566pt x 88.91571pt.

<srj-figures/srj-func_mod.pdf, id=613, 426.79129pt x 426.79129pt>
File: srj-figures/srj-func_mod.pdf Graphic file (type pdf)

<use srj-figures/srj-func_mod.pdf>
Package pdftex.def Info: srj-figures/srj-func_mod.pdf used on input line 126.
(pdftex.def)             Requested size: 142.26125pt x 113.80899pt.
 [9 <C:/Users/yinxing/Desktop/TSE-BINGO/TSE-2016/srj-figures/srj-partial_trace_
ex.pdf> <C:/Users/yinxing/Desktop/TSE-BINGO/TSE-2016/srj-figures/srj-func_mod.p
df>])
(C:\Users\yinxing\Desktop\TSE-BINGO\TSE-2016\srj-prefiltering.tex
(C:\Users\yinxing\Desktop\TSE-BINGO\TSE-2016\srj-virtualExe.tex))
(C:\Users\yinxing\Desktop\TSE-BINGO\TSE-2016\srj-experiment.tex
<srj-figures/srj-cross-archi.pdf, id=681, 698.61pt x 345.29pt>
File: srj-figures/srj-cross-archi.pdf Graphic file (type pdf)

<use srj-figures/srj-cross-archi.pdf>
Package pdftex.def Info: srj-figures/srj-cross-archi.pdf used on input line 68.

(pdftex.def)             Requested size: 230.26485pt x 113.81102pt.
 [10 <C:/Users/yinxing/Desktop/TSE-BINGO/TSE-2016/srj-figures/srj-cross-archi.p
df>]
<srj-figures/cross-archi-new.pdf, id=714, 586.6417pt x 342.1081pt>
File: srj-figures/cross-archi-new.pdf Graphic file (type pdf)

<use srj-figures/cross-archi-new.pdf>
Package pdftex.def Info: srj-figures/cross-archi-new.pdf used on input line 117
.
(pdftex.def)             Requested size: 243.95303pt x 142.26378pt.

Underfull \vbox (badness 10000) has occurred while \output is active []

 [11 <C:/Users/yinxing/Desktop/TSE-BINGO/TSE-2016/srj-figures/cross-archi-new.p
df>]
Overfull \hbox (9.32942pt too wide) in paragraph at lines 148--149
[] 
 []


Overfull \hbox (6.79999pt too wide) in paragraph at lines 282--283
[] 
 []


Overfull \hbox (6.79999pt too wide) in paragraph at lines 289--290
[] 
 []


Underfull \vbox (badness 1337) has occurred while \output is active []

 [12]
LaTeX Font Info:    Font shape `OT1/ptm/bx/sc' in size <9.03374> not available
(Font)              Font shape `OT1/ptm/b/sc' tried instead on input line 405.

Overfull \hbox (6.79999pt too wide) in paragraph at lines 441--442
[] 
 []

[13]
Overfull \hbox (9.32942pt too wide) in paragraph at lines 545--546
[] 
 []

[14]
Overfull \hbox (6.79999pt too wide) in paragraph at lines 607--608
[] 
 []

[15]) (C:\Users\yinxing\Desktop\TSE-BINGO\TSE-2016\srj-related-work.tex
[16]) (C:\Users\yinxing\Desktop\TSE-BINGO\TSE-2016\concl.tex)
(C:\Users\yinxing\Desktop\TSE-BINGO\TSE-2016\TSE_Bingo.bbl
Underfull \hbox (badness 10000) in paragraph at lines 29--31
[]\OT1/ptm/m/n/8.03 (+20) ``Vmware law-suit - soft-ware free-dom con-ser-van-cy
,''
 []

[17]
Overfull \hbox (4.12062pt too wide) in paragraph at lines 380--387
$\OT1/ptm/m/n/8.03 (-20) avatar-[]framework-[]support-[]dynamic-[]security-[]an
alysis-[]embedded-[]systems %$
 []

) [18]
Package atveryend Info: Empty hook `BeforeClearDocument' on input line 407.
Package atveryend Info: Empty hook `AfterLastShipout' on input line 407.
 (C:\Users\yinxing\Desktop\TSE-BINGO\TSE-2016\TSE_Bingo.aux)
Package atveryend Info: Executing hook `AtVeryEndDocument' on input line 407.
Package atveryend Info: Executing hook `AtEndAfterFileList' on input line 407.
Package rerunfilecheck Info: File `TSE_Bingo.out' has not changed.
(rerunfilecheck)             Checksum: CAAC11701F1A0CF059FC60167854E792;4170.


LaTeX Warning: There were multiply-defined labels.

 ) 
Here is how much of TeX's memory you used:
 28855 strings out of 495354
 542214 string characters out of 3183859
 750199 words of memory out of 3000000
 30464 multiletter control sequences out of 15000+200000
 153319 words of font info for 737 fonts, out of 3000000 for 9000
 14 hyphenation exceptions out of 8191
 55i,25n,97p,2356b,841s stack positions out of 5000i,500n,10000p,200000b,50000s
{D:/CTEX/MiKTeX/fonts/enc/dvips/fontname/8r.enc}<D:/CTEX/MiKTeX/fonts/type1/p
ublic/amsfonts/cm/cmex10.pfb><D:/CTEX/MiKTeX/fonts/type1/public/amsfonts/cmextr
a/cmex7.pfb><D:/CTEX/MiKTeX/fonts/type1/public/amsfonts/cmextra/cmex9.pfb><D:/C
TEX/MiKTeX/fonts/type1/public/amsfonts/cm/cmmi10.pfb><D:/CTEX/MiKTeX/fonts/type
1/public/amsfonts/cm/cmmi5.pfb><D:/CTEX/MiKTeX/fonts/type1/public/amsfonts/cm/c
mmi6.pfb><D:/CTEX/MiKTeX/fonts/type1/public/amsfonts/cm/cmmi7.pfb><D:/CTEX/MiKT
eX/fonts/type1/public/amsfonts/cm/cmmi9.pfb><D:/CTEX/MiKTeX/fonts/type1/public/
amsfonts/cm/cmr10.pfb><D:/CTEX/MiKTeX/fonts/type1/public/amsfonts/cm/cmr5.pfb><
D:/CTEX/MiKTeX/fonts/type1/public/amsfonts/cm/cmr6.pfb><D:/CTEX/MiKTeX/fonts/ty
pe1/public/amsfonts/cm/cmr7.pfb><D:/CTEX/MiKTeX/fonts/type1/public/amsfonts/cm/
cmr9.pfb><D:/CTEX/MiKTeX/fonts/type1/public/amsfonts/cm/cmsy10.pfb><D:/CTEX/MiK
TeX/fonts/type1/public/amsfonts/cm/cmsy5.pfb><D:/CTEX/MiKTeX/fonts/type1/public
/amsfonts/cm/cmsy6.pfb><D:/CTEX/MiKTeX/fonts/type1/public/amsfonts/cm/cmsy7.pfb
><D:/CTEX/MiKTeX/fonts/type1/public/amsfonts/cm/cmsy8.pfb><D:/CTEX/MiKTeX/fonts
/type1/public/amsfonts/cm/cmsy9.pfb><D:/CTEX/MiKTeX/fonts/type1/public/amsfonts
/cm/cmtt8.pfb><D:/CTEX/MiKTeX/fonts/type1/public/amsfonts/cm/cmtt9.pfb><D:/CTEX
/MiKTeX/fonts/type1/public/amsfonts/symbols/msam7.pfb><D:/CTEX/MiKTeX/fonts/typ
e1/public/amsfonts/symbols/msbm10.pfb><D:/CTEX/MiKTeX/fonts/type1/urw/courier/u
crr8a.pfb><D:/CTEX/MiKTeX/fonts/type1/urw/helvetic/uhvb8a.pfb><D:/CTEX/MiKTeX/f
onts/type1/urw/helvetic/uhvr8a.pfb><D:/CTEX/MiKTeX/fonts/type1/urw/helvetic/uhv
ro8a.pfb><D:/CTEX/MiKTeX/fonts/type1/urw/times/utmb8a.pfb><D:/CTEX/MiKTeX/fonts
/type1/urw/times/utmbi8a.pfb><D:/CTEX/MiKTeX/fonts/type1/urw/times/utmr8a.pfb><
D:/CTEX/MiKTeX/fonts/type1/urw/times/utmri8a.pfb><D:/CTEX/MiKTeX/fonts/type1/ur
w/zapfding/uzdr.pfb>
Output written on TSE_Bingo.pdf (18 pages, 1067339 bytes).
PDF statistics:
 1073 PDF objects out of 1200 (max. 8388607)
 207 named destinations out of 1000 (max. 500000)
 78303 words of extra memory for PDF output out of 89155 (max. 10000000)

